TN:
SF:dist/context/index.mjs
FNF:9
FNH:9
DA:2,39
DA:3,59
DA:4,33
DA:5,10
DA:6,12
DA:7,22
DA:8,6
DA:9,1
DA:11,6
DA:12,55
DA:13,0
DA:14,2
DA:15,33
DA:16,56
DA:17,0
DA:18,2
DA:19,20
DA:21,20
DA:22,41
DA:23,19
DA:24,58
DA:25,23
DA:26,18
DA:27,4
DA:28,18
DA:29,30
DA:30,50
DA:31,14
DA:32,4
DA:33,11
DA:34,0
DA:35,0
DA:36,0
DA:37,0
DA:38,0
DA:40,6
DA:41,55
DA:42,0
DA:43,2
DA:44,44
DA:45,66
DA:46,52
DA:47,0
DA:48,0
DA:50,11
DA:51,33
DA:52,14
DA:53,13
DA:54,2
DA:55,25
DA:57,11
DA:58,33
DA:59,9
DA:60,0
DA:61,2
DA:62,25
DA:64,18
DA:65,32
DA:66,41
DA:67,43
DA:68,28
DA:69,17
DA:70,24
DA:71,28
DA:72,6
DA:73,4
DA:74,36
DA:77,28
DA:78,43
DA:79,9
DA:80,30
DA:81,37
DA:82,30
DA:83,4
DA:84,14
DA:85,13
DA:86,0
DA:87,0
DA:88,1
DA:91,109
LF:80
LH:67
end_of_record
TN:
SF:dist/flux-store/index.mjs
FNF:23
FNH:22
DA:10,1
DA:12,23
DA:13,30
DA:14,38
DA:15,34
DA:16,34
DA:17,34
DA:18,48
DA:19,28
DA:20,30
DA:21,18
DA:22,135
DA:23,96
DA:26,63
DA:27,119
DA:28,47
DA:29,17
DA:30,57
DA:31,69
DA:32,73
DA:33,21
DA:34,106
DA:35,115
DA:36,84
DA:37,17
DA:38,17
DA:39,60
DA:43,77
DA:44,52
DA:45,66
DA:46,58
DA:47,61
DA:48,86
DA:49,19
DA:50,130
DA:51,44
DA:55,85
DA:56,52
DA:57,66
DA:58,90
DA:59,61
DA:60,86
DA:61,19
DA:62,122
DA:63,38
DA:65,14
DA:66,78
DA:67,78
DA:68,38
DA:69,38
DA:70,36
DA:71,36
DA:72,112
DA:73,40
DA:74,32
DA:75,38
DA:76,50
DA:77,38
DA:78,54
DA:79,42
DA:80,38
DA:81,48
DA:82,54
DA:83,38
DA:84,54
DA:85,52
DA:86,16
DA:87,58
DA:88,66
DA:89,52
DA:90,12
DA:91,94
DA:96,71
DA:97,30
DA:98,122
DA:99,145
DA:100,208
DA:101,69
DA:102,102
DA:103,27
DA:104,138
DA:105,35
DA:106,20
DA:107,50
DA:108,43
DA:111,14
DA:112,39
DA:113,107
DA:114,163
DA:115,139
DA:116,12
DA:117,9
DA:119,71
DA:120,49
DA:121,129
DA:122,9
DA:124,54
DA:125,85
DA:126,139
DA:127,9
DA:130,56
DA:131,48
DA:132,67
DA:133,70
DA:134,48
DA:135,82
DA:136,126
DA:137,86
DA:138,9
DA:139,28
DA:140,24
DA:141,14
DA:142,9
DA:144,26
DA:145,57
DA:146,141
DA:147,9
DA:150,56
DA:151,114
DA:152,116
DA:153,60
DA:154,104
DA:155,22
DA:156,108
DA:157,111
DA:158,14
DA:159,67
DA:161,49
DA:164,54
DA:165,110
DA:166,108
DA:167,104
DA:168,22
DA:169,134
DA:170,96
DA:171,50
DA:172,14
DA:173,52
DA:177,51
DA:178,154
DA:181,70
DA:182,84
DA:183,36
DA:184,60
DA:185,59
DA:186,67
DA:187,51
DA:188,51
DA:189,7
DA:190,43
DA:191,9
DA:192,112
DA:193,127
DA:194,96
DA:195,98
DA:196,9
DA:197,81
DA:200,49
DA:201,84
DA:202,112
DA:203,126
DA:204,45
DA:205,100
DA:206,104
DA:207,9
DA:210,55
DA:211,76
DA:212,105
DA:213,62
DA:214,74
DA:215,94
DA:216,9
DA:219,64
DA:220,54
DA:221,91
DA:222,173
DA:223,9
DA:224,146
DA:225,68
DA:226,98
DA:227,96
DA:228,66
DA:229,138
DA:230,44
DA:233,50
DA:234,54
DA:235,104
DA:236,35
DA:237,204
DA:238,72
DA:239,128
DA:240,114
DA:241,70
DA:242,124
DA:243,44
DA:244,8
DA:246,4
DA:247,41
LF:198
LH:198
end_of_record
TN:
SF:dist/forms/index.mjs
FNF:142
FNH:73
DA:2,70
DA:3,108
DA:4,152
DA:7,88
DA:8,20
DA:9,14
DA:10,20
DA:11,16
DA:12,36
DA:13,40
DA:14,14
DA:15,17
DA:16,97
DA:17,100
DA:18,88
DA:19,89
DA:20,143
DA:21,72
DA:22,13
DA:23,72
DA:24,9
DA:25,74
DA:26,66
DA:27,135
DA:28,27
DA:29,9
DA:30,113
DA:32,24
DA:33,53
DA:35,0
DA:36,0
DA:37,0
DA:38,0
DA:39,0
DA:40,0
DA:41,0
DA:42,0
DA:43,0
DA:44,0
DA:45,0
DA:46,0
DA:47,18
DA:49,0
DA:50,0
DA:51,29
DA:53,23
DA:54,68
DA:55,28
DA:56,70
DA:57,72
DA:58,8
DA:60,4
DA:61,68
DA:62,91
DA:63,32
DA:64,32
DA:65,5
DA:66,122
DA:67,58
DA:68,62
DA:69,103
DA:70,70
DA:71,74
DA:72,177
DA:73,74
DA:74,48
DA:76,48
DA:77,44
DA:78,22
DA:79,5
DA:81,0
DA:82,0
DA:83,0
DA:84,0
DA:85,0
DA:86,0
DA:87,0
DA:88,0
DA:89,0
DA:90,0
DA:91,0
DA:92,0
DA:93,0
DA:94,0
DA:95,0
DA:96,0
DA:97,0
DA:98,0
DA:99,0
DA:100,0
DA:101,0
DA:102,0
DA:103,0
DA:104,0
DA:105,0
DA:106,0
DA:107,0
DA:108,0
DA:109,0
DA:110,0
DA:111,0
DA:112,44
DA:114,36
DA:115,147
DA:117,0
DA:118,73
DA:120,133
DA:121,159
DA:122,23
DA:123,5
DA:124,42
DA:125,23
DA:126,5
DA:127,24
DA:128,95
DA:129,66
DA:130,50
DA:131,27
DA:132,3
DA:133,24
DA:134,27
DA:135,17
DA:136,27
DA:137,52
DA:138,62
DA:139,7
DA:140,17
DA:141,10
DA:142,28
DA:143,38
DA:144,27
DA:145,17
DA:146,10
DA:147,30
DA:148,48
DA:149,27
DA:150,17
DA:151,10
DA:152,27
DA:153,22
DA:154,27
DA:155,51
DA:156,10
DA:157,43
DA:158,43
DA:159,8
DA:160,7
DA:161,17
DA:162,10
DA:163,27
DA:164,22
DA:165,27
DA:166,43
DA:167,61
DA:168,7
DA:169,17
DA:170,10
DA:171,35
DA:172,27
DA:173,27
DA:174,17
DA:175,10
DA:176,32
DA:177,55
DA:178,27
DA:179,17
DA:180,11
DA:181,64
DA:182,31
DA:183,27
DA:184,17
DA:185,10
DA:186,29
DA:187,47
DA:188,27
DA:189,10
DA:190,11
DA:191,84
DA:192,18
DA:193,27
DA:194,17
DA:195,11
DA:196,55
DA:197,35
DA:198,20
DA:199,29
DA:200,19
DA:201,7
DA:202,56
DA:203,27
DA:204,10
DA:205,14
DA:206,7
DA:207,17
DA:208,27
DA:209,40
DA:210,53
DA:211,28
DA:212,23
DA:213,10
DA:214,21
DA:215,4
DA:216,8
DA:217,7
DA:218,17
DA:219,6
DA:221,60
DA:222,53
DA:223,40
DA:224,34
DA:225,78
DA:226,5
DA:227,48
DA:228,3
DA:229,15
DA:231,0
DA:232,57
DA:234,52
DA:235,117
DA:237,0
DA:238,0
DA:239,0
DA:240,0
DA:241,0
DA:242,0
DA:243,0
DA:244,0
DA:245,0
DA:246,0
DA:247,0
DA:248,0
DA:249,0
DA:250,0
DA:251,0
DA:252,0
DA:253,0
DA:254,0
DA:255,0
DA:256,0
DA:257,0
DA:258,0
DA:259,0
DA:260,0
DA:261,0
DA:262,0
DA:263,0
DA:264,0
DA:265,0
DA:266,0
DA:267,0
DA:268,10
DA:270,166
DA:271,186
DA:272,314
DA:273,104
DA:274,400
DA:275,262
DA:276,126
DA:277,84
DA:278,154
DA:279,140
DA:280,208
DA:281,176
DA:282,90
DA:283,94
DA:284,138
DA:285,200
DA:286,206
DA:287,100
DA:288,104
DA:289,206
DA:290,102
DA:291,138
DA:292,56
DA:293,138
DA:294,0
DA:295,0
DA:296,0
DA:297,0
DA:298,0
DA:299,0
DA:300,0
DA:301,0
DA:302,0
DA:303,0
DA:304,0
DA:305,0
DA:306,0
DA:307,0
DA:308,0
DA:309,0
DA:310,0
DA:311,0
DA:312,0
DA:313,0
DA:314,0
DA:315,0
DA:316,0
DA:317,0
DA:318,0
DA:319,0
DA:320,20
DA:322,0
DA:323,36
DA:325,29
DA:326,67
DA:328,0
DA:329,37
DA:332,0
DA:333,0
DA:334,0
DA:335,0
DA:336,0
DA:337,0
DA:338,0
DA:339,0
DA:340,0
DA:341,0
DA:342,0
DA:343,0
DA:344,0
DA:345,0
DA:346,0
DA:347,0
DA:348,0
DA:349,0
DA:350,0
DA:351,0
DA:352,0
DA:353,0
DA:354,0
DA:355,0
DA:356,0
DA:357,0
DA:358,0
DA:359,0
DA:360,0
DA:361,0
DA:362,0
DA:363,0
DA:364,46
DA:366,0
DA:367,41
DA:369,0
DA:370,0
DA:371,0
DA:372,0
DA:373,0
DA:374,0
DA:375,0
DA:376,0
DA:377,0
DA:378,0
DA:379,0
DA:380,0
DA:381,0
DA:382,0
DA:383,0
DA:384,0
DA:385,43
DA:387,0
DA:388,0
DA:389,0
DA:390,0
DA:391,0
DA:392,26
DA:395,0
DA:396,0
DA:397,0
DA:398,0
DA:399,45
DA:401,0
DA:402,0
DA:403,0
DA:404,0
DA:405,54
DA:407,0
DA:408,37
DA:410,0
DA:411,0
DA:412,0
DA:413,0
DA:414,46
DA:416,0
DA:417,45
DA:419,0
DA:420,41
DA:422,0
DA:423,37
DA:426,0
DA:427,36
DA:429,0
DA:430,0
DA:431,0
DA:432,0
DA:433,46
DA:436,0
DA:437,42
DA:439,0
DA:440,42
DA:442,4
DA:443,27
DA:444,30
DA:445,51
DA:447,0
DA:448,35
DA:450,30
DA:451,71
DA:453,30
DA:454,71
DA:456,0
DA:457,58
DA:459,0
DA:460,41
DA:462,0
DA:463,30
DA:466,38
DA:467,28
DA:468,30
DA:469,30
DA:470,32
DA:471,30
DA:472,32
DA:473,34
DA:474,30
DA:475,4
DA:476,43
DA:478,0
DA:479,0
DA:480,0
DA:481,0
DA:482,0
DA:483,0
DA:484,0
DA:485,0
DA:486,0
DA:487,0
DA:488,0
DA:489,0
DA:490,0
DA:491,0
DA:492,0
DA:493,0
DA:494,0
DA:495,0
DA:496,0
DA:497,0
DA:498,0
DA:499,0
DA:500,0
DA:501,0
DA:502,0
DA:503,0
DA:504,0
DA:505,0
DA:506,0
DA:507,0
DA:508,0
DA:509,0
DA:510,0
DA:511,0
DA:512,0
DA:513,0
DA:514,0
DA:515,0
DA:516,0
DA:517,0
DA:518,0
DA:519,0
DA:520,0
DA:521,0
DA:522,0
DA:523,0
DA:524,0
DA:525,0
DA:526,0
DA:527,0
DA:528,0
DA:529,0
DA:530,0
DA:531,9
DA:533,0
DA:534,0
DA:535,0
DA:536,0
DA:537,0
DA:538,0
DA:539,0
DA:540,0
DA:541,0
DA:542,0
DA:543,0
DA:544,0
DA:545,0
DA:546,0
DA:547,0
DA:548,0
DA:549,0
DA:550,0
DA:551,9
DA:553,0
DA:554,0
DA:555,0
DA:556,0
DA:557,59
DA:559,0
DA:560,0
DA:561,0
DA:562,0
DA:563,58
DA:565,0
DA:566,0
DA:567,0
DA:568,0
DA:569,0
DA:570,0
DA:571,0
DA:572,0
DA:573,0
DA:574,0
DA:575,0
DA:576,0
DA:577,0
DA:578,0
DA:579,0
DA:580,0
DA:581,0
DA:582,0
DA:583,0
DA:584,0
DA:585,0
DA:586,0
DA:587,0
DA:588,0
DA:589,0
DA:590,0
DA:591,15
DA:593,0
DA:594,0
DA:595,0
DA:596,0
DA:597,0
DA:598,0
DA:599,0
DA:600,0
DA:601,0
DA:602,0
DA:603,0
DA:604,0
DA:605,0
DA:606,0
DA:607,0
DA:608,0
DA:609,0
DA:610,0
DA:611,0
DA:612,0
DA:613,0
DA:614,0
DA:615,0
DA:616,0
DA:617,0
DA:618,0
DA:619,0
DA:620,9
DA:622,0
DA:623,0
DA:624,0
DA:625,0
DA:626,0
DA:627,0
DA:628,0
DA:629,0
DA:630,0
DA:631,0
DA:632,0
DA:633,0
DA:634,0
DA:635,0
DA:636,0
DA:637,0
DA:638,0
DA:639,0
DA:640,0
DA:641,0
DA:642,74
DA:644,4
DA:645,45
DA:646,93
DA:647,66
DA:648,11
DA:649,9
DA:650,58
DA:651,104
DA:652,54
DA:653,95
DA:654,29
DA:655,10
DA:656,38
DA:657,67
DA:658,9
DA:659,21
DA:661,0
DA:662,0
DA:663,0
DA:664,0
DA:665,0
DA:666,0
DA:667,0
DA:668,0
DA:669,0
DA:670,0
DA:671,0
DA:672,0
DA:673,0
DA:674,15
DA:676,0
DA:677,0
DA:678,0
DA:679,0
DA:680,0
DA:681,0
DA:682,0
DA:683,0
DA:684,0
DA:685,0
DA:686,0
DA:687,15
DA:689,0
DA:690,0
DA:691,0
DA:692,0
DA:693,0
DA:694,0
DA:695,0
DA:696,15
DA:698,0
DA:699,0
DA:700,0
DA:701,0
DA:702,0
DA:703,0
DA:704,0
DA:705,0
DA:706,0
DA:707,0
DA:708,12
DA:710,4
DA:711,45
DA:712,74
DA:713,48
DA:714,11
DA:715,9
DA:716,109
DA:717,74
DA:718,70
DA:719,62
DA:720,20
DA:721,23
DA:722,9
DA:723,9
DA:724,9
DA:725,21
DA:727,76
DA:728,48
DA:729,11
DA:730,9
DA:731,72
DA:732,43
DA:733,108
DA:734,104
DA:735,48
DA:736,52
DA:737,56
DA:738,42
DA:739,14
DA:740,9
DA:741,88
DA:742,71
DA:743,145
DA:744,112
DA:745,56
DA:746,52
DA:747,56
DA:748,42
DA:749,14
DA:750,9
DA:751,80
DA:752,95
DA:753,60
DA:754,96
DA:755,125
DA:756,229
DA:757,130
DA:758,34
DA:759,65
DA:760,24
DA:761,27
DA:762,36
DA:763,13
DA:764,21
DA:765,100
DA:766,17
DA:767,23
DA:768,13
DA:769,82
DA:770,37
DA:771,59
DA:772,22
DA:773,25
DA:774,11
DA:775,9
DA:776,15
DA:777,13
DA:778,107
DA:779,108
DA:780,43
DA:781,110
DA:782,44
DA:783,50
DA:784,50
DA:785,13
DA:786,13
DA:787,9
DA:788,9
DA:789,21
DA:791,0
DA:792,0
DA:793,0
DA:794,0
DA:795,0
DA:796,0
DA:797,0
DA:798,0
DA:799,0
DA:800,0
DA:801,0
DA:802,0
DA:803,0
DA:804,0
DA:805,0
DA:806,0
DA:807,0
DA:808,0
DA:809,0
DA:810,0
DA:811,9
DA:813,0
DA:814,0
DA:815,0
DA:816,0
DA:817,60
DA:819,0
DA:820,0
DA:821,0
DA:822,0
DA:823,59
DA:825,0
DA:826,0
DA:827,0
DA:828,0
DA:829,0
DA:830,0
DA:831,0
DA:832,0
DA:833,0
DA:834,0
DA:835,0
DA:836,0
DA:837,0
DA:838,0
DA:839,0
DA:840,0
DA:841,0
DA:842,0
DA:843,0
DA:844,0
DA:845,0
DA:846,0
DA:847,0
DA:848,0
DA:849,0
DA:850,0
DA:851,0
DA:852,0
DA:853,0
DA:854,0
DA:855,0
DA:856,0
DA:857,0
DA:858,0
DA:859,0
DA:860,0
DA:861,0
DA:862,0
DA:863,0
DA:864,0
DA:865,0
DA:866,0
DA:867,0
DA:868,0
DA:869,0
DA:870,0
DA:871,0
DA:872,0
DA:873,0
DA:874,0
DA:875,0
DA:876,0
DA:877,0
DA:878,0
DA:879,0
DA:880,0
DA:881,0
DA:882,0
DA:883,0
DA:884,0
DA:885,0
DA:886,15
DA:888,0
DA:889,0
DA:890,0
DA:891,0
DA:892,0
DA:893,0
DA:894,0
DA:895,0
DA:896,0
DA:897,0
DA:898,0
DA:899,0
DA:900,0
DA:901,0
DA:902,0
DA:903,0
DA:904,0
DA:905,0
DA:906,0
DA:907,0
DA:908,0
DA:909,0
DA:910,0
DA:911,0
DA:912,0
DA:913,0
DA:914,0
DA:915,0
DA:916,0
DA:917,0
DA:918,0
DA:919,0
DA:920,0
DA:921,0
DA:922,0
DA:923,0
DA:924,0
DA:925,0
DA:926,0
DA:927,0
DA:928,0
DA:929,0
DA:930,0
DA:931,0
DA:932,0
DA:933,0
DA:934,0
DA:935,0
DA:936,0
DA:937,0
DA:938,0
DA:939,0
DA:940,0
DA:941,0
DA:942,15
DA:944,0
DA:945,0
DA:946,0
DA:947,0
DA:948,0
DA:949,0
DA:950,0
DA:951,0
DA:952,0
DA:953,0
DA:954,0
DA:955,0
DA:956,0
DA:957,0
DA:958,0
DA:959,0
DA:960,0
DA:961,0
DA:962,0
DA:963,0
DA:964,0
DA:965,0
DA:966,0
DA:967,0
DA:968,0
DA:969,0
DA:970,0
DA:971,9
DA:973,0
DA:974,0
DA:975,0
DA:976,0
DA:977,0
DA:978,0
DA:979,0
DA:980,0
DA:981,0
DA:982,0
DA:983,0
DA:984,0
DA:985,0
DA:986,0
DA:987,0
DA:988,0
DA:989,0
DA:990,0
DA:991,0
DA:992,0
DA:993,0
DA:994,0
DA:995,0
DA:996,0
DA:997,0
DA:998,0
DA:999,0
DA:1000,0
DA:1001,0
DA:1002,0
DA:1003,0
DA:1004,0
DA:1005,0
DA:1006,0
DA:1007,0
DA:1008,0
DA:1009,0
DA:1010,0
DA:1011,0
DA:1012,0
DA:1013,16
DA:1016,28
DA:1017,28
DA:1018,34
DA:1020,42
DA:1021,26
DA:1022,34
DA:1024,30
DA:1025,42
DA:1026,36
DA:1027,36
DA:1028,52
DA:1029,50
DA:1031,46
DA:1032,32
DA:1033,4
DA:1034,43
DA:1035,0
DA:1036,0
DA:1037,0
DA:1038,0
DA:1039,0
DA:1040,0
DA:1041,0
DA:1042,0
DA:1043,0
DA:1044,0
DA:1045,0
DA:1046,79
DA:1048,0
DA:1049,0
DA:1050,0
DA:1051,0
DA:1052,0
DA:1053,0
DA:1054,0
DA:1055,0
DA:1056,0
DA:1057,0
DA:1058,0
DA:1059,0
DA:1060,0
DA:1061,0
DA:1062,0
DA:1063,0
DA:1064,0
DA:1065,0
DA:1066,0
DA:1067,0
DA:1068,0
DA:1069,15
DA:1071,0
DA:1072,0
DA:1073,0
DA:1074,0
DA:1075,0
DA:1076,0
DA:1077,0
DA:1078,0
DA:1079,0
DA:1080,0
DA:1081,0
DA:1082,0
DA:1083,0
DA:1084,0
DA:1085,0
DA:1086,0
DA:1087,0
DA:1088,0
DA:1089,0
DA:1090,0
DA:1091,0
DA:1092,0
DA:1093,59
DA:1095,0
DA:1096,0
DA:1097,0
DA:1098,0
DA:1099,0
DA:1100,0
DA:1101,0
DA:1102,0
DA:1103,0
DA:1104,0
DA:1105,0
DA:1106,0
DA:1107,0
DA:1108,0
DA:1109,0
DA:1110,0
DA:1111,0
DA:1112,0
DA:1113,0
DA:1114,0
DA:1115,0
DA:1116,0
DA:1117,0
DA:1118,0
DA:1119,0
DA:1120,0
DA:1121,0
DA:1122,0
DA:1123,0
DA:1124,0
DA:1125,0
DA:1126,0
DA:1127,0
DA:1128,0
DA:1129,0
DA:1130,0
DA:1131,0
DA:1132,0
DA:1133,0
DA:1134,0
DA:1135,0
DA:1136,59
DA:1138,0
DA:1139,0
DA:1140,0
DA:1141,0
DA:1142,0
DA:1143,0
DA:1144,0
DA:1145,59
DA:1147,0
DA:1148,0
DA:1149,0
DA:1150,0
DA:1151,0
DA:1152,0
DA:1153,0
DA:1154,0
DA:1155,0
DA:1156,0
DA:1157,0
DA:1158,0
DA:1159,0
DA:1160,0
DA:1161,0
DA:1162,0
DA:1163,0
DA:1164,0
DA:1165,0
DA:1166,0
DA:1167,0
DA:1168,0
DA:1169,0
DA:1170,0
DA:1171,0
DA:1172,0
DA:1173,0
DA:1174,20
DA:1177,0
DA:1178,0
DA:1179,0
DA:1180,0
DA:1181,0
DA:1182,0
DA:1183,0
DA:1184,0
DA:1185,0
DA:1186,0
DA:1187,0
DA:1188,0
DA:1189,0
DA:1190,0
DA:1191,0
DA:1192,0
DA:1193,0
DA:1194,59
DA:1196,0
DA:1197,0
DA:1198,0
DA:1199,0
DA:1200,0
DA:1201,0
DA:1202,0
DA:1203,0
DA:1204,0
DA:1205,0
DA:1206,0
DA:1207,0
DA:1208,0
DA:1209,0
DA:1210,0
DA:1211,0
DA:1212,38
DA:1214,4
DA:1215,45
DA:1216,75
DA:1217,143
DA:1218,17
DA:1219,9
DA:1220,153
DA:1222,0
DA:1223,0
DA:1224,0
DA:1225,0
DA:1226,80
DA:1228,0
DA:1229,0
DA:1230,0
DA:1231,0
DA:1232,0
DA:1233,0
DA:1234,0
DA:1235,0
DA:1236,0
DA:1237,0
DA:1238,0
DA:1239,0
DA:1240,0
DA:1241,0
DA:1242,0
DA:1243,0
DA:1244,0
DA:1245,0
DA:1246,0
DA:1247,0
DA:1248,0
DA:1249,0
DA:1250,0
DA:1251,0
DA:1252,73
DA:1256,92
DA:1257,66
DA:1258,11
DA:1259,9
DA:1260,96
DA:1261,75
DA:1262,114
DA:1263,116
DA:1264,60
DA:1265,52
DA:1266,56
DA:1267,42
DA:1268,14
DA:1269,9
DA:1270,103
DA:1271,17
DA:1272,9
DA:1273,132
DA:1275,4
DA:1276,40
DA:1277,40
DA:1278,38
DA:1279,40
DA:1280,40
DA:1281,28
DA:1282,4
DA:1283,54
DA:1284,26
DA:1285,30
DA:1286,32
DA:1287,40
DA:1288,40
DA:1289,46
DA:1290,35
DA:1291,23
DA:1292,44
DA:1293,42
DA:1294,18
DA:1295,62
DA:1296,58
DA:1297,123
DA:1298,47
DA:1299,72
DA:1300,9
DA:1301,9
DA:1302,135
DA:1303,80
DA:1304,9
DA:1305,131
DA:1306,47
DA:1307,80
DA:1308,9
DA:1309,9
DA:1311,91
DA:1312,78
DA:1313,63
DA:1314,9
DA:1315,66
DA:1317,31
DA:1318,53
DA:1320,93
DA:1321,82
DA:1322,65
DA:1323,9
DA:1324,70
DA:1326,37
DA:1327,61
DA:1329,94
DA:1330,84
DA:1331,66
DA:1332,9
DA:1333,72
DA:1335,40
DA:1336,65
DA:1338,0
DA:1339,0
DA:1340,0
DA:1341,0
DA:1342,48
DA:1344,0
DA:1345,37
DA:1347,35
DA:1348,56
DA:1349,108
DA:1350,74
DA:1351,80
DA:1352,68
DA:1353,50
DA:1354,50
DA:1355,7
DA:1356,44
DA:1357,16
DA:1358,8
DA:1360,6
DA:1361,9
DA:1362,67
DA:1363,78
DA:1364,112
DA:1365,110
DA:1366,35
DA:1367,113
DA:1368,13
DA:1369,122
DA:1371,90
DA:1372,37
DA:1374,41
DA:1375,52
DA:1376,30
DA:1377,31
DA:1378,38
DA:1379,29
DA:1380,16
DA:1381,40
DA:1383,9
DA:1384,90
DA:1385,78
DA:1386,52
DA:1387,9
DA:1388,50
DA:1389,51
DA:1390,27
DA:1391,50
DA:1392,8
DA:1393,16
DA:1394,13
DA:1395,10
DA:1396,44
DA:1397,22
DA:1398,0
DA:1399,0
DA:1400,0
DA:1401,0
DA:1402,4
DA:1403,1
DA:1404,8
DA:1405,7
DA:1406,26
DA:1407,9
DA:1408,52
DA:1409,54
DA:1410,57
DA:1411,108
DA:1412,16
DA:1413,16
DA:1414,26
DA:1415,16
DA:1416,198
DA:1417,62
DA:1418,54
DA:1419,71
DA:1420,92
DA:1421,51
DA:1422,80
DA:1423,78
DA:1424,13
DA:1425,13
DA:1426,72
DA:1427,36
DA:1428,8
DA:1429,8
DA:1430,13
DA:1431,58
DA:1432,13
DA:1433,64
DA:1434,60
DA:1435,81
DA:1436,76
DA:1437,92
DA:1438,89
DA:1439,62
DA:1440,59
DA:1441,32
DA:1443,16
DA:1444,48
DA:1445,0
DA:1446,0
DA:1447,0
DA:1448,0
DA:1449,0
DA:1450,0
DA:1451,78
DA:1454,134
DA:1455,50
DA:1456,116
DA:1457,68
DA:1458,18
DA:1459,74
DA:1460,9
DA:1461,148
DA:1462,191
DA:1463,69
DA:1464,90
DA:1465,47
DA:1466,100
DA:1467,10
DA:1468,26
DA:1469,26
DA:1470,20
DA:1471,90
DA:1472,54
DA:1473,48
DA:1474,38
DA:1475,22
DA:1476,62
DA:1477,9
DA:1478,9
DA:1479,138
DA:1480,69
DA:1481,87
DA:1482,30
DA:1483,13
DA:1484,71
DA:1485,73
DA:1486,119
DA:1487,98
DA:1488,38
DA:1489,24
DA:1490,21
DA:1491,25
DA:1492,9
DA:1493,62
DA:1494,15
DA:1495,13
DA:1496,81
DA:1497,109
DA:1498,90
DA:1499,70
DA:1500,17
DA:1501,17
DA:1502,23
DA:1503,9
DA:1504,9
DA:1505,64
DA:1506,26
DA:1507,9
DA:1508,71
DA:1509,60
DA:1510,88
DA:1511,31
DA:1512,113
DA:1513,12
DA:1514,27
DA:1515,136
DA:1516,85
DA:1517,107
DA:1518,68
DA:1519,144
DA:1520,47
DA:1521,35
DA:1522,17
DA:1523,17
DA:1524,34
DA:1526,88
DA:1527,30
DA:1528,30
DA:1529,21
DA:1531,49
DA:1533,46
DA:1534,56
DA:1535,34
DA:1536,18
DA:1537,7
DA:1538,39
DA:1539,40
DA:1540,20
DA:1541,7
DA:1542,5
DA:1543,9
DA:1544,31
DA:1546,38
DA:1547,50
DA:1548,63
DA:1549,62
DA:1550,91
DA:1551,29
DA:1552,254
DA:1553,34
DA:1554,48
DA:1555,46
DA:1556,45
DA:1557,9
DA:1558,44
DA:1559,34
DA:1560,63
DA:1561,12
DA:1562,20
DA:1563,50
DA:1564,8
DA:1565,6
DA:1566,13
DA:1567,14
DA:1568,34
DA:1569,22
DA:1570,44
DA:1571,23
DA:1573,17
DA:1574,9
DA:1575,65
DA:1576,42
DA:1577,7
DA:1578,13
DA:1579,65
DA:1580,64
DA:1581,41
DA:1582,33
DA:1583,73
DA:1584,101
DA:1585,62
DA:1586,78
DA:1587,26
DA:1588,21
DA:1589,17
DA:1590,96
DA:1591,52
DA:1592,14
DA:1593,9
DA:1594,8
DA:1596,4
DA:1599,112
DA:1600,99
DA:1601,38
DA:1602,97
DA:1604,74
DA:1605,76
DA:1606,14
DA:1607,5
DA:1608,81
DA:1610,39
DA:1611,88
DA:1612,59
DA:1613,35
DA:1614,3
DA:1615,30
DA:1616,19
DA:1617,3
DA:1618,55
DA:1619,54
DA:1621,39
DA:1622,159
DA:1624,52
DA:1625,107
DA:1627,51
DA:1628,116
DA:1629,63
DA:1630,92
DA:1631,57
DA:1632,77
DA:1633,3
DA:1634,3
DA:1635,31
DA:1636,20
DA:1637,3
DA:1638,14
DA:1640,51
DA:1641,44
DA:1642,41
DA:1643,106
DA:1644,43
DA:1645,37
DA:1646,5
DA:1647,26
DA:1648,3
DA:1649,14
DA:1651,42
DA:1652,44
DA:1653,53
DA:1654,52
DA:1655,5
DA:1656,31
DA:1658,58
DA:1659,82
DA:1660,69
DA:1661,85
DA:1662,26
DA:1663,9
DA:1664,38
DA:1665,62
DA:1666,4
DA:1668,45
DA:1669,44
DA:1670,73
DA:1671,74
DA:1672,163
DA:1673,17
DA:1674,9
DA:1675,50
DA:1676,90
DA:1677,66
DA:1678,11
DA:1679,9
DA:1680,62
DA:1681,51
DA:1682,8
DA:1683,33
DA:1685,47
DA:1686,48
DA:1687,73
DA:1688,74
DA:1689,186
DA:1690,165
DA:1691,52
DA:1692,6
DA:1693,8
DA:1694,37
DA:1696,63
DA:1697,85
DA:1699,84
DA:1700,100
DA:1701,26
DA:1702,24
DA:1703,18
DA:1704,20
DA:1705,36
DA:1706,45
DA:1707,28
DA:1708,71
DA:1710,34
DA:1711,90
DA:1712,44
DA:1713,40
DA:1714,14
DA:1715,46
DA:1716,13
DA:1717,36
DA:1718,52
DA:1719,19
DA:1720,13
DA:1721,26
DA:1722,82
DA:1723,82
DA:1724,30
DA:1725,41
DA:1728,8
DA:1729,12
DA:1730,45
DA:1732,41
DA:1733,142
DA:1734,92
DA:1735,76
DA:1736,80
DA:1737,120
DA:1738,93
DA:1739,197
DA:1740,110
DA:1741,144
DA:1743,118
DA:1744,72
DA:1745,14
DA:1746,94
DA:1747,34
DA:1748,48
DA:1749,36
DA:1750,6
DA:1751,13
DA:1752,68
DA:1753,70
DA:1754,58
DA:1755,124
DA:1757,42
DA:1758,114
DA:1759,111
DA:1761,65
DA:1762,82
DA:1764,0
DA:1765,0
DA:1766,0
DA:1767,0
DA:1768,37
DA:1770,2
DA:1771,16
DA:1773,21
DA:1774,83
DA:1776,22
DA:1777,83
DA:1779,26
DA:1780,0
DA:1781,0
DA:1782,0
DA:1783,44
DA:1785,93
DA:1786,64
DA:1787,45
DA:1788,29
DA:1789,9
DA:1790,62
DA:1791,22
DA:1792,48
DA:1793,28
DA:1794,18
DA:1795,11
DA:1797,81
DA:1798,129
DA:1800,98
DA:1801,178
DA:1802,100
DA:1804,45
DA:1805,30
DA:1806,14
DA:1807,9
DA:1808,46
DA:1809,42
DA:1810,9
DA:1811,102
DA:1812,84
DA:1813,122
DA:1814,38
DA:1815,30
DA:1816,9
DA:1817,69
DA:1819,24
DA:1820,80
DA:1822,32
DA:1823,56
DA:1824,50
DA:1825,17
DA:1826,9
DA:1827,55
DA:1828,29
DA:1829,9
DA:1830,78
DA:1831,22
DA:1832,57
DA:1833,78
DA:1834,13
DA:1835,46
DA:1836,14
DA:1837,88
DA:1840,0
DA:1841,30
DA:1843,4
DA:1844,91
DA:1845,81
DA:1846,72
DA:1847,50
DA:1848,9
DA:1849,5
DA:1850,44
DA:1851,72
DA:1852,76
DA:1853,86
DA:1854,54
DA:1855,40
DA:1856,61
DA:1857,71
DA:1858,172
DA:1859,152
DA:1860,86
DA:1861,6
DA:1862,60
DA:1863,114
DA:1864,53
DA:1865,81
DA:1866,68
DA:1867,120
DA:1868,50
DA:1869,13
DA:1870,13
DA:1871,167
DA:1872,184
DA:1873,120
DA:1874,42
DA:1875,106
DA:1876,12
DA:1877,20
DA:1878,92
DA:1879,20
DA:1881,0
DA:1882,0
DA:1883,0
DA:1884,0
DA:1885,0
DA:1886,0
DA:1887,0
DA:1888,0
DA:1889,0
DA:1890,0
DA:1891,16
DA:1893,48
DA:1894,32
DA:1895,22
DA:1896,22
DA:1897,42
DA:1898,38
DA:1899,12
DA:1900,88
DA:1901,23
DA:1902,114
DA:1903,94
DA:1904,95
DA:1906,98
DA:1907,114
DA:1908,117
DA:1910,73
DA:1911,88
DA:1912,81
DA:1913,88
DA:1914,5
DA:1916,83
DA:1917,56
DA:1918,100
DA:1919,9
DA:1920,5
DA:1921,60
DA:1922,108
DA:1923,53
DA:1924,88
DA:1925,114
DA:1926,50
DA:1927,13
DA:1928,13
DA:1929,134
DA:1930,36
DA:1931,29
DA:1932,21
DA:1934,48
DA:1935,32
DA:1936,38
DA:1937,12
DA:1938,82
DA:1939,23
DA:1940,109
DA:1942,92
DA:1943,118
DA:1944,80
DA:1945,73
DA:1946,78
DA:1947,49
DA:1948,100
DA:1949,5
DA:1950,5
DA:1951,78
DA:1952,6
DA:1953,85
DA:1954,56
DA:1955,80
DA:1956,6
DA:1957,79
LF:1803
LH:990
end_of_record
TN:
SF:dist/index.mjs
FNF:58
FNH:51
DA:2,100
DA:3,19
DA:4,127
DA:5,19
DA:6,23
DA:7,29
DA:8,19
DA:9,23
DA:10,49
DA:11,43
DA:12,27
DA:13,29
DA:14,31
DA:15,29
DA:16,28
DA:18,2
DA:19,110
DA:20,102
DA:21,48
DA:22,36
DA:23,50
DA:25,40
DA:26,50
DA:28,39
DA:29,9
DA:30,23
DA:31,0
DA:32,2
DA:33,28
DA:34,43
DA:35,21
DA:36,24
DA:37,60
DA:38,41
DA:39,37
DA:40,40
DA:41,43
DA:42,55
DA:43,32
DA:44,5
DA:45,4
DA:46,38
DA:47,56
DA:48,33
DA:49,42
DA:50,4
DA:51,50
DA:52,20
DA:53,22
DA:54,32
DA:55,12
DA:56,0
DA:58,16
DA:59,44
DA:60,36
DA:61,57
DA:63,25
DA:64,21
DA:65,22
DA:66,16
DA:67,17
DA:68,14
DA:69,18
DA:70,12
DA:71,2
DA:72,30
DA:73,8
DA:74,10
DA:75,11
DA:76,11
DA:77,9
DA:78,10
DA:79,11
DA:80,12
DA:81,11
DA:82,12
DA:83,13
DA:84,13
DA:85,14
DA:86,11
DA:87,3
DA:88,56
DA:89,9
DA:90,17
DA:91,61
DA:92,28
DA:93,28
DA:94,1
DA:96,30
DA:97,45
DA:98,69
DA:99,0
DA:100,2
DA:101,29
DA:102,31
DA:103,34
DA:104,0
DA:105,0
DA:106,0
DA:107,0
DA:108,0
DA:109,2
DA:110,3
DA:112,6
DA:113,19
DA:114,0
DA:115,2
DA:117,30
DA:118,36
DA:119,36
DA:120,38
DA:121,113
DA:122,33
DA:123,54
DA:124,3
DA:126,0
DA:127,0
DA:128,0
DA:129,0
DA:130,0
DA:131,0
DA:132,0
DA:133,2
DA:135,0
DA:136,0
DA:137,2
DA:139,0
DA:140,0
DA:141,0
DA:142,0
DA:143,0
DA:144,0
DA:145,0
DA:146,0
DA:147,0
DA:148,0
DA:149,0
DA:150,0
DA:151,0
DA:152,2
DA:154,24
DA:155,14
DA:156,6
DA:157,2
DA:158,32
DA:159,13
DA:160,2
DA:161,14
DA:163,14
DA:164,36
DA:165,42
DA:166,0
DA:167,0
DA:168,0
DA:169,0
DA:170,0
DA:171,2
DA:172,26
DA:173,15
DA:174,18
DA:175,1
DA:177,9
DA:178,20
DA:179,38
DA:180,43
DA:181,31
DA:182,1
DA:184,9
DA:185,20
DA:186,38
DA:187,43
DA:188,30
DA:189,1
DA:191,9
DA:192,31
DA:193,0
DA:194,2
DA:195,26
DA:196,17
DA:197,6
DA:198,2
DA:199,33
DA:200,15
DA:201,32
DA:203,30
DA:204,61
DA:205,0
DA:206,2
DA:207,40
DA:208,61
DA:209,0
DA:210,2
DA:212,19
DA:213,47
DA:214,20
DA:215,6
DA:216,4
DA:217,62
DA:219,47
DA:220,21
DA:221,6
DA:222,4
DA:223,72
DA:225,38
DA:226,49
DA:227,45
DA:228,37
DA:230,0
DA:231,0
DA:232,0
DA:233,3
DA:235,30
DA:236,27
DA:237,47
DA:238,24
DA:239,77
DA:240,6
DA:241,12
DA:242,5
DA:244,32
DA:245,32
DA:246,47
DA:248,32
DA:249,35
DA:252,0
DA:253,0
DA:254,0
DA:255,0
DA:256,0
DA:257,0
DA:258,0
DA:259,0
DA:260,0
DA:261,0
DA:262,0
DA:263,0
DA:264,0
DA:265,0
DA:266,0
DA:267,0
DA:268,0
DA:269,0
DA:270,0
DA:271,0
DA:272,0
DA:273,0
DA:274,0
DA:275,0
DA:276,0
DA:277,0
DA:278,0
DA:279,0
DA:280,0
DA:281,0
DA:282,0
DA:283,0
DA:284,0
DA:285,0
DA:286,0
DA:287,0
DA:288,0
DA:289,0
DA:290,0
DA:291,0
DA:292,0
DA:293,0
DA:294,0
DA:295,0
DA:296,0
DA:297,0
DA:298,0
DA:299,0
DA:300,0
DA:301,0
DA:302,0
DA:303,0
DA:304,0
DA:305,0
DA:306,0
DA:307,0
DA:308,0
DA:309,0
DA:310,0
DA:311,0
DA:312,0
DA:313,0
DA:314,0
DA:315,0
DA:316,0
DA:317,0
DA:318,0
DA:319,0
DA:320,0
DA:321,0
DA:322,0
DA:323,0
DA:324,0
DA:325,0
DA:326,0
DA:327,0
DA:328,0
DA:329,0
DA:330,0
DA:331,0
DA:332,0
DA:333,0
DA:334,0
DA:335,0
DA:336,0
DA:337,0
DA:338,0
DA:339,0
DA:340,0
DA:341,0
DA:342,3
DA:344,33
DA:345,30
DA:346,0
DA:347,31
DA:348,0
DA:349,43
DA:350,44
DA:351,34
DA:352,68
DA:353,34
DA:354,4
DA:355,5
DA:358,20
DA:359,41
DA:360,16
DA:361,0
DA:362,0
DA:363,6
DA:364,32
DA:365,4
DA:367,0
DA:368,3
DA:370,26
DA:371,34
DA:372,16
DA:373,0
DA:374,0
DA:375,6
DA:376,25
DA:377,5
DA:379,29
DA:380,37
DA:381,16
DA:382,0
DA:383,0
DA:384,6
DA:385,28
DA:386,0
DA:387,0
DA:388,0
DA:389,0
DA:390,0
DA:392,0
DA:393,0
DA:394,0
DA:395,0
DA:396,4
DA:398,1
DA:399,22
DA:400,36
DA:401,41
DA:402,34
DA:404,10
DA:405,26
DA:407,32
DA:408,7
DA:409,20
DA:410,21
DA:411,29
DA:412,16
DA:413,31
DA:414,44
DA:415,13
DA:416,49
DA:417,9
DA:418,33
DA:420,33
DA:421,15
DA:422,6
DA:423,6
DA:424,0
DA:425,0
DA:426,0
DA:427,0
DA:429,27
DA:430,35
DA:431,37
DA:432,41
DA:433,67
DA:434,33
DA:435,4
DA:436,6
DA:437,2
DA:438,48
DA:439,30
DA:440,6
DA:441,2
DA:442,25
DA:443,36
DA:444,11
DA:445,41
DA:448,27
DA:449,34
DA:450,33
DA:451,44
DA:452,1
DA:454,24
DA:455,32
DA:456,36
DA:457,28
DA:458,18
DA:459,41
DA:460,94
DA:461,0
DA:462,0
DA:463,0
DA:464,0
DA:466,4
DA:467,2
DA:468,2
DA:469,35
DA:470,28
DA:471,85
DA:472,12
DA:473,6
DA:474,8
DA:475,4
DA:476,36
DA:477,57
DA:478,2
DA:479,1
DA:481,16
DA:482,102
DA:484,14
DA:485,20
DA:486,40
DA:487,27
DA:488,45
DA:489,55
DA:490,34
DA:491,2
DA:492,11
DA:493,18
DA:494,40
DA:495,42
DA:496,35
DA:497,0
DA:498,0
DA:499,4
DA:500,19
DA:501,42
DA:502,34
DA:503,4
DA:504,47
DA:505,26
DA:506,4
DA:508,57
DA:509,34
DA:510,37
DA:511,2
DA:512,17
DA:513,28
DA:514,36
DA:515,28
DA:516,13
DA:517,4
DA:518,35
DA:519,54
DA:520,33
DA:521,6
DA:522,8
DA:523,4
DA:524,37
DA:525,44
DA:526,64
DA:527,46
DA:528,59
DA:529,71
DA:530,48
DA:531,15
DA:532,104
DA:533,10
DA:534,8
DA:535,6
DA:536,69
DA:537,25
DA:538,8
DA:539,4
DA:540,21
DA:541,2
DA:542,10
DA:544,35
DA:545,16
DA:546,63
DA:547,60
DA:548,11
DA:549,92
DA:551,29
DA:552,31
DA:553,0
DA:554,0
DA:555,0
DA:556,2
DA:557,26
DA:558,27
DA:559,38
DA:560,31
DA:561,34
DA:562,31
DA:563,6
DA:564,2
DA:565,52
DA:566,50
DA:567,69
DA:568,8
DA:569,4
DA:570,41
DA:571,2
DA:572,28
DA:574,24
DA:575,30
DA:576,27
DA:577,38
DA:578,27
DA:579,31
DA:580,33
DA:581,53
DA:582,57
DA:583,33
DA:584,37
DA:585,28
DA:586,17
DA:587,28
DA:589,4
DA:590,4
DA:591,31
DA:592,31
DA:593,6
DA:594,2
DA:595,36
DA:596,46
DA:597,41
DA:598,33
DA:599,46
DA:600,35
DA:601,49
DA:602,59
DA:603,8
DA:604,6
DA:605,40
DA:606,4
DA:607,31
DA:608,6
DA:609,2
DA:610,27
DA:611,26
DA:612,26
DA:613,26
DA:614,53
DA:615,33
DA:616,41
DA:617,94
DA:618,4
DA:619,23
DA:620,2
DA:621,52
DA:622,33
DA:623,47
DA:624,35
DA:625,24
DA:626,59
DA:627,8
DA:628,6
DA:629,38
DA:630,78
DA:631,8
DA:632,6
DA:633,45
DA:634,37
DA:635,6
DA:636,8
DA:637,4
DA:638,88
DA:639,73
DA:640,57
DA:641,8
DA:642,4
DA:643,28
DA:644,39
DA:645,41
DA:646,25
DA:647,30
DA:648,43
DA:649,45
DA:650,5
DA:651,55
DA:652,72
DA:653,15
DA:654,6
DA:655,55
DA:656,95
DA:657,0
DA:658,0
DA:659,0
DA:660,4
DA:661,4
DA:662,46
DA:663,31
DA:664,0
DA:665,0
DA:666,0
DA:667,0
DA:668,4
DA:669,38
DA:670,41
DA:671,2
DA:672,68
DA:673,39
DA:674,47
DA:675,31
DA:676,0
DA:677,2
DA:679,2
DA:680,29
DA:681,28
DA:683,33
DA:684,34
DA:685,23
DA:686,27
DA:687,2
DA:688,47
DA:689,24
DA:690,42
DA:691,26
DA:692,19
DA:693,26
DA:694,23
DA:695,26
DA:697,6
DA:698,19
DA:699,41
DA:700,38
DA:701,20
DA:702,30
DA:703,0
DA:704,2
DA:705,10
DA:707,27
DA:708,43
DA:709,18
DA:710,18
DA:711,0
DA:712,2
DA:713,39
DA:714,69
DA:716,6
DA:717,15
DA:718,0
DA:719,2
DA:720,43
DA:721,66
DA:722,2
DA:723,28
DA:725,6
DA:726,19
DA:727,36
DA:728,28
DA:729,27
DA:730,25
DA:731,21
DA:732,22
DA:733,25
DA:734,29
DA:735,25
DA:736,13
DA:737,2
DA:738,9
DA:740,20
DA:741,93
DA:742,50
DA:743,25
DA:744,2
DA:745,32
DA:746,39
DA:747,43
DA:748,28
DA:749,11
DA:750,46
DA:752,43
DA:753,16
DA:755,347
LF:696
LH:522
end_of_record
TN:
SF:dist/money/index.mjs
FNF:23
FNH:19
DA:4,5
DA:5,21
DA:6,43
DA:8,23
DA:10,79
DA:11,106
DA:12,29
DA:14,75
DA:15,126
DA:16,49
DA:17,102
DA:18,9
DA:19,80
DA:20,70
DA:22,100
DA:23,110
DA:24,48
DA:25,44
DA:26,72
DA:27,78
DA:28,22
DA:29,14
DA:30,79
DA:32,0
DA:33,0
DA:34,0
DA:35,0
DA:36,18
DA:38,0
DA:39,0
DA:40,0
DA:41,0
DA:42,18
DA:44,0
DA:45,0
DA:46,0
DA:47,0
DA:48,0
DA:49,0
DA:50,77
DA:52,0
DA:53,51
DA:55,84
DA:56,86
DA:57,88
DA:59,4
DA:60,54
DA:61,15
DA:62,37
DA:63,84
DA:65,35
DA:66,69
DA:68,75
DA:69,94
DA:70,97
DA:72,23
DA:73,41
DA:75,59
DA:76,94
DA:77,59
DA:79,29
DA:80,101
DA:82,34
DA:83,101
DA:85,44
DA:86,115
DA:88,36
DA:89,51
DA:90,85
DA:91,9
DA:92,108
DA:94,3
DA:95,73
DA:96,102
DA:97,254
DA:98,62
DA:99,42
DA:100,28
DA:101,5
DA:102,97
DA:104,69
DA:105,74
DA:106,90
DA:107,80
DA:108,88
DA:109,138
DA:110,166
DA:112,79
DA:113,100
DA:114,88
DA:115,78
DA:116,112
DA:117,110
DA:118,52
DA:119,26
DA:120,16
DA:121,10
DA:122,76
DA:123,84
DA:124,26
DA:125,21
DA:126,32
DA:127,64
DA:128,150
DA:129,98
DA:130,82
DA:131,56
DA:132,30
DA:133,20
DA:134,14
DA:135,84
DA:136,23
DA:137,10
DA:139,10
DA:140,6
DA:141,6
DA:142,133
LF:117
LH:102
end_of_record
TN:
SF:dist/native-store/index.mjs
FNF:12
FNH:9
DA:2,39
DA:3,104
DA:4,38
DA:5,38
DA:6,34
DA:7,21
DA:8,20
DA:9,21
DA:10,74
DA:11,6
DA:12,47
DA:13,13
DA:14,2
DA:15,58
DA:16,23
DA:17,27
DA:18,53
DA:19,2
DA:20,19
DA:22,17
DA:23,52
DA:24,0
DA:25,0
DA:26,0
DA:27,2
DA:28,62
DA:30,70
DA:31,46
DA:32,43
DA:33,31
DA:34,24
DA:35,77
DA:36,28
DA:37,13
DA:38,54
DA:40,2
DA:41,19
DA:42,13
DA:43,20
DA:44,13
DA:45,32
DA:46,58
DA:47,0
DA:48,8
DA:51,13
DA:52,50
DA:53,18
DA:54,6
DA:55,26
DA:57,13
DA:58,13
DA:59,48
DA:60,58
DA:61,0
DA:62,8
DA:65,10
DA:66,13
DA:67,46
DA:68,22
DA:69,26
DA:70,62
DA:71,6
DA:72,8
DA:73,37
DA:74,0
DA:75,0
DA:76,8
DA:79,10
DA:80,13
DA:81,24
DA:82,33
DA:83,0
DA:84,8
DA:87,8
DA:89,12
DA:90,4
DA:91,29
DA:92,41
DA:93,0
DA:94,0
DA:95,0
DA:96,0
DA:97,0
DA:98,0
DA:99,0
DA:100,0
DA:102,0
DA:103,2
DA:104,15
DA:105,31
DA:106,0
DA:107,0
DA:108,0
DA:109,0
DA:110,0
DA:111,3
DA:113,13
DA:115,42
LF:98
LH:76
end_of_record
TN:
SF:dist/network/index.mjs
FNF:18
FNH:16
DA:2,40
DA:3,146
DA:4,81
DA:5,74
DA:6,78
DA:7,74
DA:8,46
DA:9,42
DA:10,77
DA:11,100
DA:12,100
DA:13,100
DA:14,100
DA:15,120
DA:16,44
DA:17,40
DA:18,80
DA:19,4
DA:20,58
DA:21,58
DA:22,60
DA:23,58
DA:24,34
DA:25,26
DA:26,20
DA:27,110
DA:28,114
DA:29,110
DA:30,59
DA:31,51
DA:32,84
DA:33,110
DA:34,148
DA:35,130
DA:36,137
DA:37,17
DA:38,9
DA:39,107
DA:40,134
DA:41,134
DA:42,9
DA:43,22
DA:44,92
DA:45,107
DA:46,130
DA:47,12
DA:48,23
DA:51,29
DA:52,50
DA:53,54
DA:54,9
DA:55,238
DA:56,47
DA:57,105
DA:58,9
DA:59,41
DA:61,32
DA:62,103
DA:63,51
DA:64,9
DA:65,84
DA:66,22
DA:67,92
DA:68,32
DA:69,30
DA:70,177
DA:71,159
DA:72,129
DA:73,88
DA:74,10
DA:75,26
DA:76,46
DA:79,30
DA:80,86
DA:81,53
DA:82,21
DA:83,9
DA:84,86
DA:85,13
DA:86,9
DA:87,67
DA:88,21
DA:89,9
DA:90,83
DA:91,237
DA:92,23
DA:93,7
DA:94,70
DA:95,15
DA:96,7
DA:97,13
DA:98,5
DA:99,42
DA:100,70
DA:101,15
DA:102,7
DA:103,13
DA:104,5
DA:105,15
DA:107,32
DA:108,75
DA:110,0
DA:111,37
DA:113,41
DA:114,86
DA:115,94
DA:116,81
DA:117,42
DA:118,9
DA:120,38
DA:121,53
DA:122,34
DA:123,73
DA:124,36
DA:125,75
DA:126,34
DA:127,79
DA:129,56
DA:132,48
DA:133,86
DA:134,81
DA:136,49
DA:137,92
DA:139,23
DA:140,65
DA:141,149
DA:142,144
DA:143,144
DA:144,13
DA:145,26
DA:146,96
DA:147,117
DA:148,140
DA:149,16
DA:150,23
DA:152,9
DA:153,68
DA:154,70
DA:155,67
DA:157,4
DA:158,139
LF:141
LH:140
end_of_record
TN:
SF:dist/node/index.mjs
FNF:107
FNH:83
DA:1,252
DA:2,44
DA:3,64
DA:4,31
DA:5,5
DA:6,48
DA:7,30
DA:8,5
DA:9,50
DA:10,78
DA:11,5
DA:12,50
DA:13,52
DA:14,5
DA:15,59
DA:17,38
DA:18,56
DA:22,39
DA:23,63
DA:24,42
DA:25,54
DA:26,88
DA:27,101
DA:29,36
DA:30,42
DA:31,54
DA:32,58
DA:33,32
DA:34,45
DA:35,30
DA:36,48
DA:37,33
DA:38,9
DA:40,0
DA:41,37
DA:43,40
DA:44,69
DA:46,4
DA:47,50
DA:49,36
DA:50,30
DA:51,21
DA:52,39
DA:53,68
DA:54,16
DA:55,9
DA:56,51
DA:57,48
DA:58,9
DA:59,62
DA:60,71
DA:61,114
DA:62,47
DA:63,87
DA:64,112
DA:65,68
DA:66,13
DA:67,13
DA:68,151
DA:69,86
DA:70,9
DA:71,9
DA:72,67
DA:74,0
DA:75,43
DA:77,24
DA:78,79
DA:80,32
DA:81,54
DA:83,23
DA:84,0
DA:85,0
DA:86,0
DA:87,28
DA:89,27
DA:90,24
DA:91,53
DA:93,32
DA:94,53
DA:96,36
DA:97,0
DA:98,0
DA:99,41
DA:101,27
DA:102,55
DA:104,33
DA:105,74
DA:107,25
DA:108,52
DA:111,45
DA:112,26
DA:113,57
DA:115,34
DA:116,60
DA:118,29
DA:119,141
DA:121,37
DA:122,55
DA:124,0
DA:125,0
DA:126,0
DA:127,0
DA:128,0
DA:129,28
DA:131,23
DA:133,35
DA:134,33
DA:135,118
DA:136,66
DA:137,58
DA:138,117
DA:139,9
DA:140,29
DA:142,50
DA:143,33
DA:144,118
DA:145,58
DA:146,121
DA:147,39
DA:148,102
DA:149,86
DA:150,16
DA:151,42
DA:153,9
DA:154,29
DA:156,50
DA:157,109
DA:158,74
DA:159,120
DA:160,9
DA:161,31
DA:163,37
DA:164,93
DA:165,98
DA:166,74
DA:167,60
DA:168,62
DA:169,9
DA:170,31
DA:172,22
DA:173,129
DA:175,0
DA:176,0
DA:177,0
DA:178,0
DA:179,0
DA:180,0
DA:181,0
DA:182,0
DA:183,0
DA:184,0
DA:185,0
DA:186,0
DA:187,0
DA:188,0
DA:189,0
DA:190,0
DA:191,0
DA:192,0
DA:193,0
DA:194,0
DA:195,0
DA:196,0
DA:197,0
DA:198,0
DA:199,0
DA:200,0
DA:201,18
DA:203,50
DA:204,40
DA:205,42
DA:206,40
DA:207,12
DA:208,34
DA:209,123
DA:210,101
DA:211,32
DA:212,17
DA:213,9
DA:214,9
DA:215,163
DA:217,36
DA:218,123
DA:219,101
DA:220,77
DA:221,9
DA:222,9
DA:224,39
DA:225,34
DA:226,123
DA:227,101
DA:228,32
DA:229,17
DA:230,9
DA:231,9
DA:232,41
DA:233,70
DA:234,9
DA:236,0
DA:237,0
DA:238,0
DA:239,0
DA:240,0
DA:241,0
DA:242,0
DA:243,0
DA:244,0
DA:245,0
DA:246,0
DA:247,0
DA:248,0
DA:249,0
DA:250,34
DA:308,47
DA:313,49
DA:315,4
DA:316,63
DA:317,35
DA:318,24
DA:319,44
DA:320,56
DA:321,69
DA:323,3
DA:324,67
DA:325,30
DA:326,59
DA:327,58
DA:328,173
DA:329,72
DA:330,5
DA:331,5
DA:332,53
DA:333,70
DA:334,23
DA:335,79
DA:338,70
DA:339,49
DA:340,26
DA:341,52
DA:343,28
DA:344,37
DA:345,27
DA:346,24
DA:347,44
DA:348,50
DA:349,54
DA:351,21
DA:352,69
DA:353,41
DA:354,5
DA:355,54
DA:356,70
DA:358,27
DA:359,60
DA:360,73
DA:361,72
DA:362,17
DA:363,9
DA:364,0
DA:365,0
DA:366,0
DA:367,0
DA:368,0
DA:369,0
DA:370,0
DA:371,0
DA:372,0
DA:373,0
DA:374,43
DA:377,80
DA:378,54
DA:379,161
DA:380,52
DA:381,77
DA:382,78
DA:383,9
DA:384,86
DA:386,83
DA:387,54
DA:388,161
DA:389,52
DA:390,94
DA:392,0
DA:393,40
DA:395,38
DA:396,8
DA:397,10
DA:398,47
DA:399,71
DA:400,52
DA:401,78
DA:402,38
DA:404,0
DA:405,0
DA:406,0
DA:407,21
DA:409,2
DA:410,11
DA:411,21
DA:412,47
DA:414,31
DA:415,55
DA:416,136
DA:417,32
DA:418,107
DA:419,92
DA:420,13
DA:421,17
DA:422,5
DA:423,46
DA:425,25
DA:426,89
DA:428,35
DA:429,89
DA:430,68
DA:431,27
DA:432,102
DA:435,34
DA:436,63
DA:437,37
DA:438,116
DA:439,96
DA:440,83
DA:441,54
DA:442,17
DA:443,85
DA:444,74
DA:445,17
DA:446,94
DA:447,57
DA:448,100
DA:449,35
DA:450,75
DA:452,14
DA:454,11
DA:455,18
DA:456,83
DA:458,28
DA:459,82
DA:460,31
DA:461,27
DA:462,99
DA:465,35
DA:466,68
DA:467,0
DA:468,0
DA:469,0
DA:470,0
DA:471,0
DA:472,0
DA:473,0
DA:474,0
DA:475,0
DA:476,32
DA:478,25
DA:479,34
DA:480,123
DA:481,82
DA:482,9
DA:483,31
DA:485,35
DA:486,52
DA:487,72
DA:488,86
DA:489,53
DA:490,39
DA:491,30
DA:492,5
DA:493,27
DA:494,0
DA:495,0
DA:496,0
DA:497,0
DA:498,28
DA:500,4
DA:501,93
DA:502,27
DA:503,24
DA:504,46
DA:505,81
DA:507,4
DA:508,77
DA:509,27
DA:510,24
DA:511,44
DA:512,64
DA:513,87
DA:515,13
DA:516,38
DA:517,61
DA:519,37
DA:520,64
DA:521,84
DA:522,35
DA:524,47
DA:525,90
DA:526,50
DA:527,35
DA:529,38
DA:530,48
DA:532,4
DA:533,44
DA:534,30
DA:535,28
DA:536,28
DA:537,32
DA:538,26
DA:539,4
DA:540,59
DA:541,36
DA:542,67
DA:543,39
DA:544,5
DA:545,85
DA:546,23
DA:547,5
DA:548,194
DA:550,48
DA:551,18
DA:552,18
DA:553,14
DA:554,16
DA:555,20
DA:556,14
DA:557,16
DA:558,20
DA:559,18
DA:560,18
DA:561,20
DA:562,22
DA:563,20
DA:564,16
DA:565,22
DA:566,3
DA:567,35
DA:568,57
DA:569,47
DA:570,5
DA:571,57
DA:572,88
DA:573,50
DA:574,121
DA:575,74
DA:576,146
DA:577,9
DA:578,97
DA:579,34
DA:580,115
DA:581,129
DA:582,106
DA:583,47
DA:584,46
DA:585,17
DA:586,13
DA:587,13
DA:588,58
DA:589,27
DA:590,41
DA:592,23
DA:593,3
DA:594,12
DA:596,78
DA:597,36
DA:598,71
DA:599,34
DA:600,5
DA:601,73
DA:602,58
DA:603,10
DA:604,30
DA:605,76
DA:606,20
DA:607,59
DA:608,27
DA:609,26
DA:610,74
DA:611,59
DA:612,50
DA:613,131
DA:614,84
DA:615,92
DA:616,17
DA:617,70
DA:618,16
DA:619,31
DA:621,38
DA:622,119
DA:623,114
DA:624,30
DA:625,13
DA:626,36
DA:627,29
DA:629,25
DA:631,51
DA:632,50
DA:633,61
DA:634,105
DA:635,74
DA:636,90
DA:637,125
DA:638,166
DA:639,58
DA:640,54
DA:641,82
DA:642,122
DA:643,96
DA:644,136
DA:645,50
DA:646,46
DA:647,62
DA:648,20
DA:649,68
DA:650,13
DA:651,60
DA:652,121
DA:653,158
DA:654,58
DA:655,54
DA:656,66
DA:657,106
DA:658,80
DA:659,120
DA:660,50
DA:661,46
DA:662,62
DA:663,20
DA:664,68
DA:665,13
DA:666,123
DA:667,158
DA:668,58
DA:669,54
DA:670,66
DA:671,106
DA:672,80
DA:673,88
DA:674,50
DA:675,46
DA:676,62
DA:677,20
DA:678,68
DA:679,13
DA:680,56
DA:681,5
DA:682,5
DA:683,63
DA:684,166
DA:685,63
DA:686,54
DA:687,50
DA:688,78
DA:689,70
DA:690,92
DA:691,84
DA:692,46
DA:693,42
DA:694,58
DA:695,16
DA:696,64
DA:697,5
DA:698,5
DA:699,59
DA:701,40
DA:702,22
DA:703,69
DA:704,98
DA:705,23
DA:706,245
DA:707,83
DA:708,98
DA:709,9
DA:710,105
DA:711,102
DA:712,56
DA:713,10
DA:715,25
DA:717,48
DA:718,22
DA:719,88
DA:720,38
DA:721,75
DA:722,73
DA:723,176
DA:724,57
DA:725,120
DA:726,100
DA:727,164
DA:728,45
DA:729,108
DA:730,66
DA:731,90
DA:732,13
DA:733,13
DA:734,21
DA:735,9
DA:736,46
DA:737,74
DA:738,54
DA:739,38
DA:740,102
DA:741,52
DA:742,42
DA:743,38
DA:744,38
DA:745,12
DA:746,182
DA:747,124
DA:748,65
DA:749,109
DA:750,122
DA:751,94
DA:752,43
DA:753,150
DA:754,13
DA:755,9
DA:756,9
DA:757,138
DA:758,79
DA:759,123
DA:760,122
DA:761,94
DA:762,43
DA:763,150
DA:764,13
DA:765,9
DA:766,9
DA:767,124
DA:768,75
DA:769,119
DA:770,76
DA:771,76
DA:772,9
DA:773,9
DA:774,69
DA:775,114
DA:776,142
DA:777,160
DA:778,41
DA:779,76
DA:780,23
DA:781,9
DA:782,9
DA:783,44
DA:784,5
DA:785,52
DA:786,68
DA:787,32
DA:788,50
DA:789,46
DA:790,64
DA:791,38
DA:792,40
DA:793,34
DA:794,8
DA:795,66
DA:796,69
DA:798,39
DA:799,90
DA:800,66
DA:801,38
DA:802,64
DA:803,66
DA:804,26
DA:805,5
DA:806,90
DA:807,81
DA:808,33
DA:809,5
DA:810,61
DA:812,47
DA:813,70
DA:814,215
DA:815,54
DA:818,56
DA:819,84
DA:820,98
DA:821,64
DA:824,90
DA:825,66
DA:828,49
DA:829,72
DA:830,48
DA:831,42
DA:832,42
DA:833,8
DA:834,55
DA:835,134
DA:836,5
DA:837,63
DA:838,150
DA:839,5
DA:840,96
DA:841,18
DA:842,106
DA:843,59
DA:844,83
DA:845,194
DA:846,13
DA:847,81
DA:848,190
DA:849,9
DA:850,9
DA:851,67
DA:852,94
DA:854,226
DA:860,130
DA:861,7
DA:862,17
DA:863,42
DA:864,40
DA:865,46
DA:868,36
DA:869,36
DA:870,44
DA:872,22
DA:873,32
DA:874,46
DA:875,44
DA:876,42
DA:877,28
DA:878,32
DA:879,42
DA:880,44
DA:881,48
DA:882,42
DA:883,34
DA:884,34
DA:885,34
DA:886,24
DA:887,36
DA:888,40
DA:889,46
DA:890,34
DA:891,38
DA:892,38
DA:893,36
DA:894,30
DA:896,4
DA:897,4
DA:900,64
DA:901,66
DA:902,72
DA:903,60
DA:904,51
DA:905,67
DA:906,49
DA:907,76
DA:908,109
DA:909,115
DA:910,108
DA:911,98
DA:912,68
DA:913,68
DA:915,84
DA:917,48
DA:918,156
DA:919,154
DA:920,46
DA:921,70
DA:922,101
DA:923,56
DA:924,60
DA:925,52
DA:926,54
DA:927,64
DA:928,74
DA:929,82
DA:930,54
DA:931,98
DA:932,52
DA:933,68
DA:934,68
DA:935,72
DA:936,74
DA:937,88
DA:938,24
DA:939,52
DA:940,66
DA:941,20
DA:942,86
DA:943,64
DA:944,13
DA:945,64
DA:946,56
DA:947,103
DA:948,60
DA:949,42
DA:950,64
DA:951,44
DA:952,50
DA:953,48
DA:954,68
DA:955,38
DA:956,46
DA:957,48
DA:958,48
DA:959,40
DA:960,26
DA:961,54
DA:962,16
DA:963,114
DA:964,84
DA:965,46
DA:966,13
DA:967,59
DA:968,92
DA:969,150
DA:970,48
DA:971,112
DA:972,24
DA:973,46
DA:974,74
DA:975,24
DA:976,42
DA:977,62
DA:978,24
DA:979,48
DA:980,56
DA:981,22
DA:982,80
DA:983,41
DA:984,17
DA:985,162
DA:986,204
DA:987,101
DA:988,31
DA:989,192
DA:990,204
DA:991,134
DA:993,54
DA:994,43
DA:995,24
DA:996,18
DA:997,16
DA:998,36
DA:999,12
DA:1000,16
DA:1001,32
DA:1003,9
DA:1004,13
DA:1005,28
DA:1006,24
DA:1007,51
DA:1008,14
DA:1009,71
DA:1011,59
DA:1012,32
DA:1013,3
DA:1014,49
DA:1016,114
DA:1017,96
DA:1018,83
DA:1019,28
DA:1020,32
DA:1021,42
DA:1022,6
DA:1023,8
DA:1024,64
DA:1025,82
DA:1026,38
DA:1027,40
DA:1028,40
DA:1029,194
DA:1030,24
DA:1031,44
DA:1032,42
DA:1033,10
DA:1034,82
DA:1035,42
DA:1036,28
DA:1037,24
DA:1038,64
DA:1039,16
DA:1040,24
DA:1041,56
DA:1043,10
DA:1044,18
DA:1045,48
DA:1046,54
DA:1047,50
DA:1051,52
DA:1052,57
DA:1053,58
DA:1054,130
DA:1055,114
DA:1056,138
DA:1057,100
DA:1058,34
DA:1059,72
DA:1060,80
DA:1061,34
DA:1062,34
DA:1063,68
DA:1064,80
DA:1065,106
DA:1066,8
DA:1067,733
DA:1068,41
DA:1069,114
DA:1070,5
DA:1071,88
DA:1075,106
DA:1076,86
DA:1077,42
DA:1078,55
DA:1079,31
DA:1080,93
DA:1082,21
DA:1083,0
DA:1084,0
DA:1085,0
DA:1086,0
DA:1087,51
DA:1089,21
DA:1090,58
DA:1091,35
DA:1092,67
DA:1093,82
DA:1094,9
DA:1095,9
DA:1097,29
DA:1098,58
DA:1099,105
DA:1101,0
DA:1102,0
DA:1103,62
DA:1105,32
DA:1106,58
DA:1107,35
DA:1108,78
DA:1109,9
DA:1111,43
DA:1112,58
DA:1113,35
DA:1114,62
DA:1115,23
DA:1117,35
DA:1118,88
DA:1120,0
DA:1121,48
DA:1123,0
DA:1124,0
DA:1125,38
DA:1127,4
DA:1130,54
DA:1131,54
DA:1132,42
DA:1133,84
DA:1134,79
DA:1135,40
DA:1136,60
DA:1137,82
DA:1138,24
DA:1139,30
DA:1141,275
LF:955
LH:867
end_of_record
TN:
SF:dist/offline/index.mjs
FNF:28
FNH:25
DA:4,1
DA:5,29
DA:6,113
DA:8,44
DA:9,46
DA:10,15
DA:11,5
DA:12,121
DA:13,43
DA:14,3
DA:15,25
DA:17,83
DA:18,106
DA:19,80
DA:20,78
DA:21,63
DA:22,83
DA:23,3
DA:24,60
DA:26,40
DA:27,72
DA:29,54
DA:30,22
DA:31,28
DA:32,26
DA:33,22
DA:34,22
DA:35,40
DA:36,18
DA:37,22
DA:38,20
DA:39,18
DA:40,42
DA:41,36
DA:42,40
DA:43,56
DA:44,46
DA:45,7
DA:46,41
DA:47,50
DA:48,65
DA:49,9
DA:50,72
DA:51,94
DA:52,114
DA:53,84
DA:54,72
DA:55,170
DA:56,142
DA:57,106
DA:58,102
DA:59,42
DA:60,72
DA:61,68
DA:62,42
DA:63,112
DA:64,102
DA:65,12
DA:66,137
DA:67,43
DA:68,12
DA:70,49
DA:71,100
DA:72,22
DA:73,9
DA:74,61
DA:75,104
DA:76,102
DA:77,30
DA:78,9
DA:79,9
DA:81,24
DA:82,92
DA:83,88
DA:84,116
DA:85,112
DA:86,94
DA:87,90
DA:89,25
DA:90,134
DA:92,41
DA:93,22
DA:94,74
DA:95,46
DA:96,42
DA:97,58
DA:98,100
DA:99,155
DA:100,89
DA:101,13
DA:102,152
DA:103,50
DA:104,97
DA:107,0
DA:108,37
DA:110,23
DA:111,123
DA:113,22
DA:114,121
DA:116,41
DA:117,58
DA:118,32
DA:119,54
DA:120,56
DA:121,28
DA:122,14
DA:123,40
DA:124,105
DA:126,20
DA:127,94
DA:128,11
DA:129,9
DA:130,105
DA:131,17
DA:132,9
DA:133,62
DA:134,100
DA:135,22
DA:136,123
DA:137,86
DA:138,108
DA:139,51
DA:140,64
DA:141,78
DA:142,92
DA:143,52
DA:144,110
DA:145,25
DA:146,17
DA:147,59
DA:148,64
DA:149,78
DA:150,124
DA:151,52
DA:152,178
DA:153,25
DA:154,17
DA:155,120
DA:156,48
DA:157,17
DA:158,28
DA:159,14
DA:160,68
DA:161,44
DA:162,110
DA:165,28
DA:166,156
DA:167,42
DA:168,11
DA:169,9
DA:170,110
DA:171,52
DA:172,68
DA:173,40
DA:174,100
DA:176,24
DA:177,77
DA:178,90
DA:179,49
DA:180,30
DA:181,13
DA:182,56
DA:183,68
DA:184,9
DA:185,40
DA:186,100
DA:188,29
DA:189,96
DA:190,40
DA:191,100
DA:193,0
DA:194,0
DA:195,45
DA:197,0
DA:198,46
DA:200,23
DA:201,54
DA:202,48
DA:203,54
DA:204,70
DA:205,88
DA:206,83
DA:208,4
DA:209,47
LF:184
LH:180
end_of_record
TN:
SF:dist/pulses/index.mjs
FNF:39
FNH:32
DA:2,51
DA:3,78
DA:4,20
DA:5,40
DA:6,37
DA:7,70
DA:8,6
DA:9,2
DA:10,24
DA:11,46
DA:12,19
DA:13,45
DA:14,23
DA:15,5
DA:16,4
DA:17,32
DA:18,2
DA:19,20
DA:20,33
DA:21,33
DA:22,29
DA:23,32
DA:24,41
DA:25,40
DA:26,9
DA:28,34
DA:29,33
DA:30,1
DA:32,45
DA:33,30
DA:34,44
DA:35,25
DA:36,30
DA:37,45
DA:38,52
DA:39,4
DA:40,27
DA:41,50
DA:42,4
DA:43,41
DA:44,2
DA:45,92
DA:46,8
DA:47,21
DA:48,63
DA:49,4
DA:51,26
DA:52,25
DA:53,46
DA:54,28
DA:55,26
DA:56,25
DA:57,6
DA:58,64
DA:59,62
DA:60,37
DA:61,6
DA:62,66
DA:63,23
DA:65,35
DA:66,18
DA:67,38
DA:68,16
DA:70,0
DA:71,0
DA:72,0
DA:73,2
DA:75,4
DA:76,16
DA:77,34
DA:78,73
DA:79,4
DA:80,36
DA:81,23
DA:82,0
DA:83,4
DA:84,4
DA:86,28
DA:87,8
DA:88,27
DA:89,34
DA:90,4
DA:91,88
DA:93,31
DA:94,21
DA:95,41
DA:96,26
DA:97,23
DA:98,4
DA:99,77
DA:100,6
DA:101,4
DA:102,24
DA:103,21
DA:105,8
DA:106,33
DA:107,49
DA:108,4
DA:109,20
DA:111,11
DA:112,23
DA:113,23
DA:114,36
DA:115,44
DA:116,0
DA:117,0
DA:118,0
DA:119,7
DA:121,25
DA:123,0
DA:124,0
DA:125,0
DA:126,0
DA:127,0
DA:128,0
DA:129,0
DA:130,0
DA:131,7
DA:133,13
DA:134,29
DA:135,41
DA:136,49
DA:137,8
DA:138,73
DA:139,46
DA:140,55
DA:141,28
DA:142,40
DA:143,20
DA:144,20
DA:145,17
DA:146,26
DA:147,38
DA:148,18
DA:150,0
DA:151,2
DA:155,24
DA:156,23
DA:157,40
DA:158,28
DA:159,60
DA:160,5
DA:162,48
DA:163,30
DA:164,30
DA:165,17
DA:166,6
DA:167,27
DA:168,38
DA:169,35
DA:170,32
DA:171,10
DA:172,40
DA:174,6
DA:175,28
DA:176,38
DA:177,34
DA:178,76
DA:179,8
DA:181,6
DA:182,32
DA:183,49
DA:184,6
DA:185,40
DA:186,28
DA:187,60
DA:188,41
DA:189,38
DA:190,41
DA:191,8
DA:192,1
DA:193,8
DA:194,37
DA:195,15
DA:198,5
DA:199,18
DA:201,26
DA:202,46
DA:204,26
DA:205,13
DA:206,120
DA:207,4
DA:208,47
DA:210,12
DA:211,30
DA:212,28
DA:213,11
DA:214,34
DA:215,22
DA:216,7
DA:217,27
DA:220,14
DA:221,49
DA:222,37
DA:223,0
DA:224,0
DA:225,0
DA:227,0
DA:228,0
DA:229,0
DA:231,2
DA:232,6
DA:235,18
DA:236,27
DA:237,30
DA:238,44
DA:239,33
DA:240,53
DA:242,23
DA:243,62
DA:244,60
DA:245,35
DA:246,4
DA:247,64
DA:248,15
DA:250,32
DA:251,68
DA:252,45
DA:253,6
DA:254,4
DA:255,26
DA:256,22
DA:258,37
DA:260,77
LF:224
LH:202
end_of_record
TN:
SF:dist/query/index.mjs
FNF:38
FNH:25
DA:2,1
DA:3,33
DA:4,55
DA:6,57
DA:7,70
DA:8,15
DA:9,5
DA:10,89
DA:11,124
DA:12,17
DA:13,5
DA:14,5
DA:15,25
DA:17,40
DA:18,71
DA:20,43
DA:21,183
DA:23,53
DA:24,123
DA:25,160
DA:26,251
DA:27,24
DA:28,22
DA:29,38
DA:30,68
DA:31,97
DA:32,103
DA:33,138
DA:34,6
DA:36,52
DA:37,18
DA:38,18
DA:39,27
DA:40,75
DA:41,48
DA:42,48
DA:43,0
DA:44,0
DA:45,0
DA:46,0
DA:47,0
DA:48,0
DA:49,0
DA:50,0
DA:51,0
DA:52,36
DA:54,21
DA:55,47
DA:57,0
DA:58,24
DA:60,4
DA:61,58
DA:62,18
DA:63,22
DA:64,17
DA:65,69
DA:66,48
DA:67,56
DA:68,52
DA:70,21
DA:71,67
DA:73,37
DA:74,65
DA:76,0
DA:77,19
DA:79,4
DA:80,52
DA:81,40
DA:82,26
DA:83,38
DA:84,46
DA:85,31
DA:86,51
DA:87,112
DA:88,100
DA:89,269
DA:90,44
DA:92,31
DA:93,86
DA:94,20
DA:95,9
DA:97,24
DA:98,63
DA:99,17
DA:100,9
DA:101,145
DA:102,42
DA:103,46
DA:104,50
DA:105,60
DA:106,15
DA:107,92
DA:109,26
DA:110,63
DA:111,17
DA:112,9
DA:113,106
DA:114,73
DA:115,17
DA:116,9
DA:117,79
DA:118,102
DA:119,15
DA:120,13
DA:121,66
DA:122,78
DA:123,15
DA:124,13
DA:125,64
DA:126,64
DA:127,251
DA:128,122
DA:129,46
DA:130,24
DA:131,26
DA:132,28
DA:133,51
DA:134,36
DA:135,44
DA:136,38
DA:137,16
DA:138,70
DA:139,56
DA:140,9
DA:142,37
DA:143,51
DA:144,64
DA:145,9
DA:146,0
DA:147,0
DA:148,0
DA:149,25
DA:150,47
DA:152,37
DA:153,146
DA:154,85
DA:155,51
DA:156,9
DA:157,51
DA:158,45
DA:159,9
DA:160,70
DA:161,62
DA:162,64
DA:163,58
DA:164,36
DA:165,52
DA:166,42
DA:167,68
DA:168,14
DA:169,141
DA:170,60
DA:171,74
DA:172,68
DA:173,66
DA:174,62
DA:175,82
DA:176,40
DA:177,60
DA:178,46
DA:179,72
DA:180,18
DA:181,44
DA:182,60
DA:183,28
DA:184,0
DA:185,0
DA:186,0
DA:187,0
DA:188,0
DA:189,0
DA:190,0
DA:191,0
DA:192,0
DA:193,0
DA:194,0
DA:195,0
DA:196,17
DA:197,45
DA:198,51
DA:199,12
DA:200,56
DA:201,35
DA:203,33
DA:204,54
DA:205,60
DA:206,130
DA:207,69
DA:208,48
DA:209,24
DA:210,26
DA:211,64
DA:212,36
DA:213,44
DA:214,44
DA:215,36
DA:216,50
DA:217,50
DA:218,50
DA:219,44
DA:220,42
DA:221,40
DA:222,14
DA:223,16
DA:224,72
DA:225,58
DA:226,27
DA:227,86
DA:228,76
DA:229,75
DA:231,80
DA:232,46
DA:233,13
DA:234,60
DA:235,0
DA:236,0
DA:237,0
DA:238,0
DA:239,0
DA:240,0
DA:241,8
DA:243,9
DA:245,36
DA:246,42
DA:247,42
DA:248,42
DA:249,42
DA:250,36
DA:251,34
DA:252,32
DA:253,12
DA:254,52
DA:255,13
DA:256,45
DA:257,62
DA:258,54
DA:259,56
DA:260,50
DA:261,40
DA:262,62
DA:263,32
DA:264,60
DA:265,18
DA:266,26
DA:267,106
DA:268,66
DA:269,60
DA:270,58
DA:271,56
DA:272,74
DA:273,70
DA:274,44
DA:275,70
DA:276,36
DA:277,64
DA:278,22
DA:279,35
DA:280,23
DA:281,31
DA:282,30
DA:283,30
DA:284,28
DA:285,32
DA:286,22
DA:287,33
DA:288,18
DA:289,32
DA:290,11
DA:291,28
DA:294,0
DA:295,0
DA:296,0
DA:297,0
DA:298,0
DA:299,23
DA:301,9
DA:303,46
DA:304,97
DA:305,101
DA:306,68
DA:307,44
DA:308,70
DA:309,50
DA:310,76
DA:311,18
DA:312,9
DA:313,9
DA:315,0
DA:316,0
DA:317,0
DA:318,0
DA:319,0
DA:320,0
DA:321,0
DA:322,0
DA:323,22
DA:325,0
DA:326,0
DA:327,0
DA:328,0
DA:329,0
DA:330,52
DA:332,0
DA:333,0
DA:334,0
DA:335,0
DA:336,38
DA:338,4
DA:339,107
LF:309
LH:255
end_of_record
TN:
SF:dist/redux-devtools/index.mjs
FNF:9
FNH:8
DA:2,6
DA:3,50
DA:4,58
DA:5,42
DA:6,0
DA:7,0
DA:9,25
DA:10,33
DA:11,14
DA:12,0
DA:13,2
DA:14,43
DA:15,52
DA:16,23
DA:17,49
DA:18,58
DA:19,4
DA:20,49
DA:21,68
DA:22,4
DA:23,0
DA:25,3
DA:27,25
DA:28,33
DA:29,14
DA:30,0
DA:31,2
DA:32,44
DA:33,52
DA:34,23
DA:35,18
DA:36,41
DA:37,57
DA:38,4
DA:39,1
DA:41,25
DA:42,33
DA:43,14
DA:44,0
DA:45,2
DA:46,39
DA:47,52
DA:48,35
DA:49,18
DA:50,35
DA:51,20
DA:52,60
DA:54,29
DA:56,62
LF:49
LH:43
end_of_record
TN:
SF:dist/request/index.mjs
FNF:27
FNH:22
DA:2,39
DA:3,104
DA:4,64
DA:5,17
DA:6,35
DA:7,0
DA:8,2
DA:9,37
DA:10,39
DA:11,30
DA:12,56
DA:13,0
DA:14,0
DA:15,0
DA:16,4
DA:17,32
DA:18,4
DA:19,13
DA:21,0
DA:22,0
DA:23,0
DA:24,0
DA:25,0
DA:26,0
DA:27,0
DA:28,0
DA:29,0
DA:30,0
DA:31,0
DA:32,0
DA:35,18
DA:36,58
DA:37,110
DA:38,49
DA:39,38
DA:40,62
DA:41,4
DA:42,32
DA:43,36
DA:44,0
DA:45,2
DA:46,29
DA:47,17
DA:48,0
DA:49,0
DA:50,0
DA:51,0
DA:52,1
DA:54,23
DA:55,77
DA:56,2
DA:57,56
DA:58,279
DA:59,60
DA:60,50
DA:61,23
DA:62,22
DA:63,15
DA:64,17
DA:65,13
DA:66,4
DA:67,2
DA:68,28
DA:69,0
DA:70,2
DA:71,21
DA:72,12
DA:73,13
DA:74,38
DA:75,36
DA:76,56
DA:77,3
DA:78,4
DA:79,26
DA:80,18
DA:81,8
DA:82,32
DA:83,11
DA:84,4
DA:85,55
DA:86,50
DA:87,11
DA:88,4
DA:89,19
DA:91,40
DA:92,22
DA:93,45
DA:94,29
DA:95,15
DA:96,6
DA:97,50
DA:98,19
DA:99,22
DA:100,4
DA:101,4
DA:102,18
DA:104,41
DA:105,22
DA:106,45
DA:107,30
DA:108,15
DA:109,6
DA:110,51
DA:111,19
DA:112,22
DA:113,4
DA:114,4
DA:115,18
DA:117,38
DA:118,22
DA:119,45
DA:120,27
DA:121,15
DA:122,6
DA:123,48
DA:124,19
DA:125,22
DA:126,4
DA:127,4
DA:128,18
DA:130,56
DA:131,53
DA:132,29
DA:133,54
DA:134,4
DA:135,28
DA:136,35
DA:137,18
DA:138,40
DA:139,14
DA:140,12
DA:141,6
DA:142,33
DA:143,30
DA:144,22
DA:145,20
DA:146,6
DA:147,40
DA:148,53
DA:149,4
DA:150,50
DA:151,0
DA:152,4
DA:153,17
DA:154,11
DA:155,36
DA:156,0
DA:157,0
DA:158,0
DA:159,4
DA:161,54
DA:162,13
DA:163,20
DA:164,11
DA:165,25
DA:166,7
DA:167,34
DA:168,61
DA:169,127
DA:170,31
DA:171,96
DA:172,60
DA:173,88
DA:174,42
DA:175,77
DA:176,0
DA:177,15
DA:178,50
DA:179,84
DA:181,4
DA:182,11
DA:183,80
DA:184,26
DA:185,76
DA:186,32
DA:187,30
DA:188,0
DA:189,47
DA:190,17
DA:191,43
DA:192,0
DA:193,8
DA:195,9
DA:196,59
DA:197,25
DA:198,19
DA:199,25
DA:200,18
DA:201,11
DA:202,51
DA:203,41
DA:204,54
DA:205,8
DA:206,21
DA:207,6
DA:208,60
DA:209,15
DA:210,6
DA:211,26
DA:212,39
DA:213,35
DA:214,45
DA:215,15
DA:216,37
DA:217,0
DA:218,6
DA:220,0
DA:221,0
DA:222,0
DA:223,0
DA:224,7
DA:225,63
DA:226,23
DA:227,17
DA:228,10
DA:229,9
DA:230,28
DA:231,21
DA:232,71
DA:233,11
DA:234,0
DA:235,0
DA:236,0
DA:237,0
DA:238,0
DA:239,0
DA:240,0
DA:241,0
DA:242,0
DA:243,4
DA:246,43
DA:247,53
DA:248,22
DA:249,0
DA:250,4
DA:251,69
DA:252,48
DA:253,45
DA:254,42
DA:255,4
DA:256,14
DA:258,31
DA:259,53
DA:260,22
DA:261,0
DA:262,4
DA:263,18
DA:264,34
DA:265,18
DA:267,29
DA:268,53
DA:269,22
DA:270,0
DA:271,0
DA:272,4
DA:273,24
DA:275,41
DA:276,53
DA:277,22
DA:278,0
DA:279,4
DA:280,26
DA:281,14
DA:283,0
DA:284,0
DA:285,0
DA:286,0
DA:287,0
DA:288,0
DA:289,0
DA:290,0
DA:291,3
DA:293,0
DA:294,0
DA:295,0
DA:296,0
DA:297,0
DA:298,3
DA:300,0
DA:301,0
DA:302,0
DA:303,0
DA:304,0
DA:305,0
DA:306,0
DA:307,0
DA:308,3
DA:310,14
DA:311,10
DA:312,48
DA:313,81
DA:314,12
DA:315,3
DA:316,4
DA:317,16
DA:319,50
DA:320,18
LF:297
LH:228
end_of_record
TN:
SF:dist/router/index.mjs
FNF:48
FNH:42
DA:2,221
DA:12,170
DA:13,133
DA:14,34
DA:15,106
DA:17,0
DA:18,77
DA:20,51
DA:21,106
DA:22,75
DA:23,58
DA:24,5
DA:25,57
DA:27,46
DA:28,157
DA:30,50
DA:31,109
DA:32,38
DA:33,71
DA:34,100
DA:35,221
DA:36,5
DA:37,27
DA:39,49
DA:40,24
DA:41,40
DA:42,32
DA:43,6
DA:45,48
DA:46,74
DA:47,107
DA:48,44
DA:49,109
DA:51,40
DA:52,69
DA:53,15
DA:54,5
DA:55,79
DA:56,74
DA:57,92
DA:58,37
DA:59,132
DA:60,6
DA:61,8
DA:62,67
DA:64,43
DA:65,62
DA:66,62
DA:67,74
DA:68,15
DA:69,5
DA:70,54
DA:71,46
DA:72,17
DA:73,3
DA:74,5
DA:75,25
DA:77,81
DA:78,47
DA:79,25
DA:80,5
DA:81,322
DA:83,48
DA:84,123
DA:85,58
DA:86,151
DA:87,64
DA:88,77
DA:89,96
DA:90,85
DA:91,89
DA:92,82
DA:93,36
DA:94,56
DA:95,40
DA:96,107
DA:97,18
DA:98,13
DA:99,96
DA:100,9
DA:101,84
DA:105,33
DA:106,126
DA:107,247
DA:108,64
DA:109,44
DA:110,70
DA:111,86
DA:112,93
DA:113,53
DA:114,24
DA:115,13
DA:116,68
DA:117,48
DA:118,115
DA:119,63
DA:120,60
DA:121,46
DA:122,19
DA:123,17
DA:124,95
DA:125,60
DA:126,86
DA:127,46
DA:128,19
DA:129,17
DA:130,77
DA:131,122
DA:132,13
DA:133,13
DA:134,41
DA:135,93
DA:136,111
DA:137,17
DA:138,29
DA:139,9
DA:140,9
DA:141,172
DA:142,72
DA:143,16
DA:144,9
DA:145,98
DA:147,4
DA:148,106
DA:149,28
DA:150,4
DA:151,58
DA:152,56
DA:153,38
DA:154,26
DA:155,30
DA:156,22
DA:157,24
DA:158,28
DA:159,30
DA:160,36
DA:161,52
DA:162,114
DA:163,62
DA:164,80
DA:165,43
DA:166,57
DA:167,66
DA:169,40
DA:170,175
DA:171,71
DA:172,9
DA:173,71
DA:175,52
DA:176,130
DA:177,96
DA:179,53
DA:180,188
DA:181,76
DA:182,94
DA:184,55
DA:185,76
DA:186,94
DA:188,43
DA:189,114
DA:190,0
DA:191,0
DA:192,64
DA:195,42
DA:196,112
DA:197,0
DA:198,0
DA:199,63
DA:202,33
DA:203,64
DA:204,225
DA:205,135
DA:206,72
DA:207,103
DA:208,100
DA:209,206
DA:210,9
DA:211,27
DA:212,114
DA:213,83
DA:214,13
DA:215,111
DA:216,125
DA:217,13
DA:218,97
DA:220,29
DA:222,35
DA:223,58
DA:224,237
DA:225,170
DA:226,93
DA:227,9
DA:228,92
DA:229,64
DA:230,9
DA:231,106
DA:232,43
DA:233,40
DA:234,96
DA:235,9
DA:236,54
DA:237,29
DA:239,22
DA:240,110
DA:243,61
DA:244,35
DA:245,161
DA:246,9
DA:247,83
DA:248,151
DA:249,9
DA:250,162
DA:251,96
DA:252,86
DA:253,140
DA:254,104
DA:255,81
DA:256,100
DA:257,85
DA:258,58
DA:259,178
DA:260,59
DA:261,64
DA:262,19
DA:263,13
DA:264,13
DA:265,85
DA:266,232
DA:267,54
DA:268,101
DA:269,9
DA:270,9
DA:271,84
DA:272,126
DA:273,54
DA:274,88
DA:275,50
DA:276,24
DA:277,16
DA:278,146
DA:279,53
DA:280,135
DA:281,140
DA:282,69
DA:283,23
DA:284,17
DA:285,17
DA:286,100
DA:287,31
DA:288,111
DA:290,86
DA:291,26
DA:292,70
DA:293,62
DA:294,50
DA:295,58
DA:296,162
DA:297,71
DA:298,21
DA:299,17
DA:300,53
DA:301,48
DA:302,162
DA:303,30
DA:304,11
DA:305,17
DA:306,163
DA:307,172
DA:308,90
DA:309,58
DA:310,38
DA:311,39
DA:312,139
DA:314,17
DA:315,186
DA:316,60
DA:317,17
DA:318,70
DA:319,61
DA:320,114
DA:321,62
DA:322,98
DA:323,18
DA:324,134
DA:326,57
DA:327,100
DA:328,146
DA:329,80
DA:330,110
DA:331,84
DA:332,119
DA:333,102
DA:334,17
DA:335,17
DA:336,66
DA:337,18
DA:338,115
DA:339,110
DA:340,20
DA:342,9
DA:344,39
DA:345,41
DA:346,205
DA:347,19
DA:348,13
DA:349,91
DA:350,38
DA:351,13
DA:352,54
DA:355,52
DA:356,44
DA:357,97
DA:358,203
DA:359,63
DA:360,58
DA:361,13
DA:362,112
DA:363,9
DA:364,33
DA:366,29
DA:367,28
DA:368,52
DA:369,48
DA:370,40
DA:371,44
DA:372,56
DA:373,72
DA:374,9
DA:376,54
DA:377,131
DA:378,243
DA:379,43
DA:380,9
DA:381,9
DA:382,131
DA:383,187
DA:384,43
DA:385,9
DA:386,9
DA:387,131
DA:388,192
DA:389,25
DA:390,9
DA:391,9
DA:392,110
DA:395,71
DA:396,82
DA:397,50
DA:398,130
DA:399,67
DA:400,27
DA:401,9
DA:402,34
DA:403,22
DA:404,93
DA:405,104
DA:406,185
DA:407,62
DA:408,19
DA:409,9
DA:410,35
DA:411,15
DA:412,7
DA:413,12
DA:414,38
DA:415,131
DA:416,67
DA:417,169
DA:418,13
DA:419,61
DA:420,60
DA:421,13
DA:422,60
DA:423,54
DA:424,70
DA:425,137
DA:426,66
DA:427,90
DA:428,17
DA:429,62
DA:430,52
DA:431,62
DA:432,90
DA:433,17
DA:434,80
DA:435,13
DA:436,116
DA:438,43
DA:439,150
DA:440,90
DA:441,50
DA:442,56
DA:443,36
DA:444,18
DA:445,66
DA:447,13
DA:448,170
DA:449,51
DA:450,13
DA:451,57
DA:452,85
DA:453,5
DA:454,5
DA:455,24
DA:457,87
DA:458,82
DA:459,34
DA:460,89
DA:461,26
DA:462,89
DA:463,46
DA:464,114
DA:466,181
DA:467,37
DA:468,13
DA:469,65
DA:470,31
DA:471,9
DA:472,9
DA:473,37
DA:475,3
DA:476,47
DA:477,88
DA:478,30
DA:479,108
DA:480,5
DA:481,49
DA:482,161
DA:483,5
DA:484,73
DA:486,46
DA:487,88
DA:488,30
DA:489,108
DA:490,5
DA:491,49
DA:492,159
DA:493,5
DA:494,71
DA:496,126
DA:497,88
DA:498,30
DA:499,89
DA:500,9
DA:501,5
DA:502,79
DA:504,79
DA:505,50
DA:506,76
DA:507,48
DA:508,34
DA:509,0
DA:510,0
DA:511,39
DA:513,51
DA:514,69
DA:515,25
DA:516,5
DA:518,46
DA:519,167
LF:460
LH:453
end_of_record
TN:
SF:dist/suspense/index.mjs
FNF:6
FNH:6
DA:2,107
DA:10,37
DA:11,14
DA:12,44
DA:13,17
DA:14,21
DA:15,39
DA:16,2
DA:17,30
DA:18,16
DA:19,15
DA:20,16
DA:21,18
DA:22,18
DA:23,17
DA:24,17
DA:25,6
DA:26,25
DA:27,2
DA:28,12
DA:30,4
DA:31,6
DA:32,11
DA:33,8
DA:34,13
DA:35,35
DA:36,0
DA:37,2
DA:38,19
DA:39,36
DA:40,33
DA:41,0
DA:42,4
DA:43,34
DA:44,49
DA:45,45
DA:46,19
DA:47,25
DA:48,0
DA:49,0
DA:50,4
DA:51,30
DA:52,18
DA:53,4
DA:54,26
DA:55,38
DA:56,28
DA:57,32
DA:58,39
DA:59,44
DA:60,72
DA:61,10
DA:62,51
DA:63,8
DA:64,27
DA:65,0
DA:66,8
DA:67,23
DA:68,0
DA:69,8
DA:70,12
DA:71,1
DA:72,8
DA:73,30
DA:74,38
DA:75,30
DA:76,0
DA:77,8
DA:78,25
DA:79,34
DA:80,27
DA:81,29
DA:82,44
DA:83,29
DA:84,35
DA:85,6
DA:86,23
DA:87,30
DA:88,0
DA:89,8
DA:90,25
DA:91,43
DA:92,29
DA:93,44
DA:94,29
DA:95,35
DA:96,6
DA:97,6
DA:98,4
DA:99,17
DA:100,4
DA:102,19
LF:92
LH:84
end_of_record
TN:
SF:dist/sw/index.mjs
FNF:19
FNH:17
DA:3,1
DA:4,40
DA:5,71
DA:7,60
DA:8,129
DA:10,210
DA:11,78
DA:12,9
DA:13,5
DA:14,118
DA:16,62
DA:17,18
DA:18,18
DA:19,24
DA:20,34
DA:21,26
DA:22,20
DA:23,28
DA:24,54
DA:25,44
DA:26,46
DA:27,30
DA:28,8
DA:29,36
DA:30,48
DA:31,58
DA:32,42
DA:33,32
DA:34,8
DA:35,46
DA:36,75
DA:37,80
DA:38,62
DA:39,52
DA:40,164
DA:41,35
DA:42,11
DA:44,51
DA:45,84
DA:46,90
DA:47,78
DA:48,110
DA:49,110
DA:50,144
DA:51,130
DA:53,21
DA:54,67
DA:56,48
DA:57,82
DA:58,51
DA:60,0
DA:61,46
DA:63,49
DA:64,107
DA:65,44
DA:66,9
DA:68,28
DA:69,140
DA:71,20
DA:72,100
DA:73,16
DA:74,9
DA:75,58
DA:76,22
DA:77,196
DA:78,46
DA:79,18
DA:80,13
DA:81,92
DA:82,114
DA:83,132
DA:84,90
DA:85,116
DA:86,25
DA:87,13
DA:88,119
DA:89,76
DA:90,102
DA:91,44
DA:92,15
DA:93,17
DA:94,119
DA:95,88
DA:96,17
DA:97,21
DA:98,82
DA:99,126
DA:100,87
DA:101,138
DA:102,94
DA:103,152
DA:104,76
DA:105,31
DA:106,21
DA:107,18
DA:108,17
DA:109,16
DA:110,206
DA:111,21
DA:112,40
DA:114,30
DA:116,27
DA:117,58
DA:118,11
DA:119,9
DA:120,129
DA:122,30
DA:123,68
DA:124,11
DA:125,9
DA:126,94
DA:128,27
DA:129,68
DA:130,17
DA:131,9
DA:132,63
DA:133,116
DA:134,110
DA:135,91
DA:136,9
DA:137,9
DA:138,94
DA:140,4
DA:141,81
LF:124
LH:123
end_of_record
TN:
SF:dist/tasks/index.mjs
FNF:17
FNH:11
DA:2,11
DA:3,34
DA:24,1
DA:25,69
DA:26,56
DA:27,56
DA:28,112
DA:30,21
DA:31,67
DA:33,0
DA:34,32
DA:36,0
DA:37,31
DA:39,48
DA:40,82
DA:41,51
DA:43,0
DA:44,46
DA:46,49
DA:47,107
DA:48,44
DA:49,9
DA:51,33
DA:52,74
DA:53,103
DA:55,35
DA:56,66
DA:57,96
DA:58,159
DA:59,82
DA:60,9
DA:61,108
DA:62,102
DA:63,140
DA:64,22
DA:65,118
DA:66,48
DA:67,88
DA:68,66
DA:69,35
DA:70,9
DA:71,32
DA:72,32
DA:73,13
DA:74,168
DA:75,32
DA:76,13
DA:77,136
DA:78,92
DA:79,72
DA:80,60
DA:81,34
DA:82,42
DA:83,57
DA:84,175
DA:85,132
DA:86,70
DA:87,17
DA:88,64
DA:89,57
DA:90,7
DA:91,65
DA:92,43
DA:93,33
DA:94,30
DA:95,24
DA:98,27
DA:99,121
DA:100,89
DA:101,9
DA:102,81
DA:103,159
DA:104,41
DA:105,9
DA:106,67
DA:108,22
DA:109,74
DA:110,11
DA:111,9
DA:112,59
DA:113,64
DA:114,9
DA:115,80
DA:116,120
DA:118,0
DA:119,0
DA:120,0
DA:121,0
DA:122,0
DA:123,0
DA:124,0
DA:125,0
DA:126,8
DA:128,4
DA:129,31
LF:95
LH:84
end_of_record
TN:
SF:dist/translate/index.mjs
FNF:12
FNH:10
DA:2,79
DA:3,104
DA:4,50
DA:5,22
DA:6,23
DA:7,22
DA:8,23
DA:9,19
DA:10,22
DA:12,2
DA:13,60
DA:14,15
DA:15,0
DA:18,0
DA:21,6
DA:22,45
DA:23,53
DA:24,33
DA:25,18
DA:26,0
DA:27,2
DA:28,26
DA:30,13
DA:31,23
DA:32,0
DA:33,2
DA:34,82
DA:35,26
DA:36,0
DA:37,2
DA:38,35
DA:39,48
DA:40,2
DA:41,45
DA:42,43
DA:43,11
DA:44,34
DA:46,10
DA:48,18
DA:49,42
DA:50,41
DA:51,32
DA:52,8
DA:53,0
DA:54,4
DA:55,11
DA:56,2
DA:57,17
DA:58,18
DA:59,2
DA:60,55
DA:61,25
DA:62,18
DA:63,0
DA:64,0
DA:65,1
DA:67,46
DA:68,37
DA:69,45
DA:70,2
DA:71,46
DA:72,40
DA:73,31
DA:74,28
DA:75,25
DA:76,4
DA:77,2
DA:78,10
DA:80,6
DA:81,20
DA:83,34
DA:84,55
DA:85,49
DA:86,104
DA:87,27
DA:88,3
DA:89,34
DA:90,96
LF:78
LH:70
end_of_record
TN:
SF:dist/utils/index.mjs
FNF:23
FNH:12
DA:2,29
DA:3,73
DA:4,0
DA:5,2
DA:6,78
DA:7,39
DA:8,27
DA:9,2
DA:10,13
DA:12,22
DA:13,73
DA:14,0
DA:15,2
DA:16,32
DA:17,27
DA:18,10
DA:19,0
DA:20,2
DA:21,19
DA:22,30
DA:23,18
DA:24,0
DA:25,4
DA:26,24
DA:27,2
DA:28,22
DA:32,19
DA:33,29
DA:34,37
DA:35,0
DA:36,4
DA:37,42
DA:38,11
DA:39,4
DA:40,46
DA:41,45
DA:42,11
DA:43,4
DA:44,4
DA:45,12
DA:46,2
DA:47,51
DA:48,52
DA:49,0
DA:50,4
DA:51,33
DA:52,49
DA:53,11
DA:54,4
DA:55,4
DA:56,30
DA:57,40
DA:58,0
DA:59,4
DA:60,4
DA:61,12
DA:62,2
DA:63,41
DA:67,59
DA:68,90
DA:69,10
DA:70,2
DA:71,16
DA:72,28
DA:73,49
DA:74,51
DA:75,2
DA:76,11
DA:77,39
DA:78,51
DA:79,58
DA:80,4
DA:81,25
DA:82,0
DA:83,0
DA:84,0
DA:85,0
DA:86,4
DA:88,21
DA:89,10
DA:91,58
DA:92,79
DA:93,10
DA:94,2
DA:95,18
DA:96,0
DA:97,2
DA:98,12
DA:99,23
DA:100,27
DA:101,17
DA:102,27
DA:103,51
DA:104,70
DA:105,6
DA:106,12
DA:107,0
DA:108,0
DA:109,0
DA:110,0
DA:111,0
DA:112,0
DA:113,0
DA:114,0
DA:115,0
DA:116,0
DA:117,0
DA:118,0
DA:119,0
DA:120,0
DA:121,0
DA:122,0
DA:123,0
DA:124,0
DA:125,0
DA:126,0
DA:127,0
DA:128,0
DA:129,0
DA:130,0
DA:131,0
DA:132,0
DA:133,0
DA:134,0
DA:135,0
DA:136,0
DA:137,0
DA:138,0
DA:139,0
DA:140,0
DA:141,0
DA:143,0
DA:144,0
DA:145,0
DA:146,0
DA:147,0
DA:149,0
DA:150,0
DA:151,0
DA:152,0
DA:153,0
DA:154,0
DA:155,0
DA:156,0
DA:157,0
DA:158,0
DA:160,0
DA:161,0
DA:162,0
DA:163,0
DA:164,0
DA:166,0
DA:167,0
DA:168,0
DA:169,0
DA:170,0
DA:171,0
DA:172,0
DA:173,0
DA:174,0
DA:175,9
DA:177,7
DA:178,17
DA:179,27
DA:180,40
DA:181,52
DA:182,28
DA:183,74
DA:184,6
DA:185,12
DA:186,0
DA:188,0
DA:189,0
DA:190,0
DA:191,0
DA:192,0
DA:193,0
DA:194,0
DA:195,0
DA:196,0
DA:200,0
DA:203,17
DA:204,29
DA:205,0
DA:206,2
DA:207,21
DA:208,0
DA:209,2
DA:210,27
DA:211,75
DA:212,2
DA:213,27
DA:214,49
DA:215,2
DA:216,28
DA:218,11
DA:219,28
DA:221,11
DA:222,26
DA:224,11
DA:225,26
DA:227,11
DA:228,48
DA:230,0
DA:233,11
DA:234,26
DA:236,0
DA:237,0
DA:238,0
DA:239,0
DA:242,0
DA:243,0
DA:244,0
DA:245,0
DA:248,0
DA:249,0
DA:250,0
DA:251,0
DA:254,0
DA:255,0
DA:256,0
DA:257,0
DA:260,0
DA:263,0
DA:266,0
DA:269,0
DA:270,0
DA:271,0
DA:272,0
DA:273,0
DA:274,0
DA:275,0
DA:276,0
DA:277,0
DA:278,0
DA:281,0
DA:282,1
DA:284,276
LF:238
LH:118
end_of_record
TN:
SF:test/utils/helpers.ts
FNF:2
FNH:2
DA:1,15
DA:2,56
LF:2
LH:2
end_of_record
