TN:
SF:lib/context/index.ts
FNF:9
FNH:9
DA:1,39
DA:5,61
DA:6,36
DA:15,15
DA:16,12
DA:17,22
DA:18,6
DA:19,1
DA:22,6
DA:23,55
DA:24,0
DA:25,2
DA:27,33
DA:31,56
DA:32,0
DA:33,2
DA:35,20
DA:38,20
DA:39,41
DA:40,19
DA:41,58
DA:42,23
DA:43,18
DA:44,4
DA:46,18
DA:47,30
DA:48,50
DA:49,14
DA:50,4
DA:52,11
DA:53,0
DA:55,0
DA:56,0
DA:57,0
DA:59,1
DA:62,11
DA:63,55
DA:64,0
DA:65,2
DA:67,44
DA:71,66
DA:72,52
DA:73,0
DA:75,1
DA:78,16
DA:79,33
DA:80,14
DA:81,6
DA:82,2
DA:84,26
DA:87,16
DA:88,33
DA:89,9
DA:90,0
DA:91,2
DA:93,26
DA:96,23
DA:97,32
DA:98,41
DA:99,43
DA:101,28
DA:103,17
DA:104,24
DA:105,28
DA:106,6
DA:107,4
DA:108,37
DA:118,6
DA:119,7
DA:120,7
DA:121,10
DA:122,3
DA:123,43
DA:124,9
DA:125,30
DA:126,37
DA:127,30
DA:128,4
DA:129,14
DA:130,13
DA:131,0
DA:132,0
DA:133,0
LF:83
LH:71
end_of_record
TN:
SF:lib/flux-store/index.ts
FNF:23
FNH:22
DA:1,92
DA:2,131
DA:39,1
DA:42,23
DA:43,30
DA:44,38
DA:45,34
DA:46,34
DA:47,34
DA:48,48
DA:49,28
DA:50,30
DA:51,18
DA:53,135
DA:56,96
DA:59,61
DA:60,119
DA:61,45
DA:62,17
DA:63,57
DA:65,69
DA:66,71
DA:67,21
DA:71,104
DA:72,115
DA:73,84
DA:74,17
DA:75,17
DA:76,58
DA:80,75
DA:81,52
DA:82,64
DA:83,56
DA:84,61
DA:85,86
DA:86,19
DA:87,130
DA:88,44
DA:92,83
DA:93,52
DA:94,64
DA:95,88
DA:96,61
DA:97,86
DA:98,19
DA:99,122
DA:100,38
DA:102,14
DA:106,78
DA:110,78
DA:113,38
DA:114,38
DA:115,36
DA:116,36
DA:117,112
DA:118,40
DA:119,32
DA:120,38
DA:121,50
DA:122,38
DA:123,54
DA:124,42
DA:125,38
DA:126,48
DA:127,54
DA:128,38
DA:129,54
DA:130,52
DA:131,16
DA:132,58
DA:133,66
DA:134,52
DA:135,12
DA:138,94
DA:143,69
DA:144,30
DA:145,122
DA:146,143
DA:147,208
DA:148,69
DA:149,102
DA:150,27
DA:151,138
DA:152,35
DA:153,20
DA:154,50
DA:155,43
DA:158,14
DA:161,39
DA:162,105
DA:163,159
DA:164,137
DA:165,12
DA:166,9
DA:169,71
DA:170,49
DA:171,129
DA:172,9
DA:175,54
DA:176,85
DA:177,139
DA:178,9
DA:182,56
DA:183,48
DA:184,67
DA:185,70
DA:186,48
DA:187,82
DA:188,126
DA:189,86
DA:190,9
DA:191,28
DA:192,24
DA:193,14
DA:194,9
DA:197,26
DA:198,57
DA:199,141
DA:200,9
DA:204,56
DA:205,114
DA:206,116
DA:207,60
DA:208,104
DA:209,22
DA:210,108
DA:211,111
DA:212,14
DA:213,67
DA:217,49
DA:221,54
DA:222,110
DA:223,108
DA:224,104
DA:225,22
DA:226,134
DA:227,96
DA:228,50
DA:229,14
DA:230,52
DA:235,51
DA:236,154
DA:240,70
DA:241,84
DA:243,36
DA:244,60
DA:245,59
DA:246,67
DA:247,51
DA:248,51
DA:249,7
DA:250,43
DA:251,9
DA:253,112
DA:254,127
DA:255,96
DA:256,98
DA:257,9
DA:258,81
DA:262,49
DA:263,84
DA:264,112
DA:265,126
DA:266,45
DA:267,100
DA:268,104
DA:269,9
DA:273,55
DA:274,76
DA:275,105
DA:276,62
DA:277,74
DA:278,94
DA:279,9
DA:283,64
DA:284,54
DA:285,91
DA:286,173
DA:287,9
DA:288,144
DA:289,68
DA:290,98
DA:291,96
DA:292,66
DA:293,138
DA:296,44
DA:300,50
DA:301,54
DA:302,104
DA:303,35
DA:304,204
DA:305,72
DA:306,128
DA:307,114
DA:308,70
DA:309,124
DA:312,44
DA:313,8
DA:315,2
LF:199
LH:199
end_of_record
TN:
SF:lib/forms/index.ts
FNF:38
FNH:35
DA:1,126
DA:2,108
DA:3,112
DA:4,89
DA:40,51
DA:41,116
DA:42,63
DA:43,92
DA:44,57
DA:45,109
DA:46,3
DA:47,3
DA:49,31
DA:50,20
DA:51,3
DA:53,14
DA:56,51
DA:57,44
DA:58,41
DA:59,106
DA:60,43
DA:61,37
DA:62,5
DA:63,26
DA:64,3
DA:65,14
DA:68,42
DA:69,44
DA:70,53
DA:71,52
DA:72,5
DA:73,32
DA:76,102
DA:77,36
DA:78,34
DA:79,5
DA:81,48
DA:82,28
DA:83,12
DA:84,5
DA:86,44
DA:87,40
DA:88,5
DA:90,98
DA:91,80
DA:92,118
DA:94,36
DA:95,28
DA:96,5
DA:98,66
DA:107,0
DA:108,0
DA:109,0
DA:110,30
DA:113,41
DA:114,124
DA:115,90
DA:116,74
DA:117,78
DA:118,48
DA:119,54
DA:120,48
DA:121,42
DA:122,42
DA:123,12
DA:125,93
DA:126,88
DA:127,132
DA:130,80
DA:132,70
DA:133,14
DA:134,56
DA:135,54
DA:136,48
DA:137,42
DA:138,48
DA:139,36
DA:140,6
DA:141,13
DA:142,68
DA:143,70
DA:144,58
DA:145,70
DA:147,62
DA:148,78
DA:150,62
DA:151,74
DA:153,42
DA:154,134
DA:155,131
DA:157,65
DA:158,82
DA:160,39
DA:161,74
DA:162,72
DA:163,66
DA:164,60
DA:165,66
DA:166,65
DA:168,2
DA:169,16
DA:172,21
DA:173,81
DA:176,32
DA:177,87
DA:180,27
DA:181,77
DA:184,23
DA:185,69
DA:188,26
DA:189,0
DA:190,0
DA:191,0
DA:192,0
DA:193,0
DA:194,0
DA:195,0
DA:196,0
DA:197,79
DA:200,30
DA:201,91
DA:204,48
DA:205,143
DA:208,81
DA:209,110
DA:211,95
DA:212,62
DA:213,9
DA:215,105
DA:218,57
DA:219,82
DA:221,95
DA:222,84
DA:223,9
DA:226,54
DA:227,78
DA:229,95
DA:230,84
DA:231,9
DA:234,49
DA:235,151
DA:238,52
DA:239,189
DA:240,98
DA:241,70
DA:244,54
DA:245,74
DA:246,95
DA:247,80
DA:248,9
DA:251,24
DA:252,92
DA:253,179
DA:256,32
DA:257,56
DA:259,112
DA:260,205
DA:262,34
DA:263,17
DA:264,9
DA:266,55
DA:267,29
DA:268,9
DA:270,68
DA:271,68
DA:272,74
DA:274,22
DA:275,55
DA:276,76
DA:277,13
DA:278,70
DA:279,30
DA:280,42
DA:281,80
DA:282,48
DA:283,14
DA:284,78
DA:288,21
DA:289,56
DA:290,82
DA:291,76
DA:292,70
DA:293,75
DA:295,2
DA:297,83
DA:298,56
DA:299,9
DA:300,5
DA:302,88
DA:304,84
DA:305,54
DA:306,58
DA:308,42
DA:309,24
DA:310,13
DA:313,100
DA:314,6
DA:316,85
DA:317,64
DA:319,90
DA:320,9
DA:321,5
DA:323,117
DA:324,56
DA:325,86
DA:326,48
DA:327,50
DA:329,54
DA:330,56
DA:331,22
DA:332,66
DA:333,108
DA:334,135
DA:335,135
DA:336,196
DA:337,44
DA:338,172
DA:339,144
DA:340,6
DA:342,61
DA:343,88
DA:344,81
DA:345,68
DA:347,90
DA:349,42
DA:350,25
DA:351,20
DA:353,98
DA:354,5
DA:356,63
DA:357,92
DA:359,83
DA:360,54
DA:361,34
DA:362,13
DA:364,68
DA:365,58
DA:366,56
DA:367,74
DA:368,90
DA:369,14
DA:371,44
DA:372,26
DA:373,20
DA:376,102
DA:377,3
DA:378,5
LF:247
LH:236
end_of_record
TN:
SF:lib/index.ts
FNF:70
FNH:64
DA:43,218
DA:44,112
DA:48,42
DA:49,13
DA:50,60
DA:51,76
DA:52,100
DA:53,60
DA:54,60
DA:55,76
DA:56,180
DA:57,156
DA:58,92
DA:59,100
DA:60,108
DA:61,100
DA:62,98
DA:63,10
DA:64,2
DA:72,89
DA:73,151
DA:75,81
DA:76,143
DA:77,116
DA:79,91
DA:80,104
DA:83,101
DA:84,50
DA:86,73
DA:87,78
DA:88,5
DA:90,112
DA:93,82
DA:95,55
DA:96,52
DA:97,23
DA:98,5
DA:100,57
DA:101,86
DA:102,42
DA:103,48
DA:105,121
DA:106,82
DA:107,75
DA:108,80
DA:109,88
DA:110,110
DA:111,64
DA:112,10
DA:113,9
DA:115,76
DA:116,113
DA:117,66
DA:118,84
DA:119,9
DA:121,100
DA:122,40
DA:123,44
DA:124,64
DA:125,27
DA:126,4
DA:129,57
DA:130,88
DA:131,72
DA:132,116
DA:135,50
DA:136,42
DA:137,44
DA:139,50
DA:140,34
DA:141,28
DA:142,36
DA:143,24
DA:144,4
DA:146,78
DA:147,16
DA:148,20
DA:149,22
DA:150,22
DA:151,18
DA:152,20
DA:153,22
DA:154,24
DA:155,22
DA:156,24
DA:157,26
DA:158,26
DA:159,28
DA:160,26
DA:163,28
DA:164,28
DA:165,18
DA:166,6
DA:168,90
DA:169,70
DA:170,70
DA:171,74
DA:172,72
DA:175,117
DA:177,46
DA:178,34
DA:179,123
DA:180,56
DA:181,56
DA:182,4
DA:185,63
DA:186,170
DA:187,100
DA:189,39
DA:190,68
DA:191,4
DA:194,84
DA:195,90
DA:197,206
DA:198,34
DA:199,5
DA:201,59
DA:202,62
DA:203,76
DA:204,36
DA:205,6
DA:206,7
DA:209,79
DA:210,162
DA:212,95
DA:213,62
DA:214,83
DA:215,76
DA:216,17
DA:217,9
DA:219,63
DA:220,50
DA:221,63
DA:222,51
DA:223,99
DA:224,4
DA:225,45
DA:226,49
DA:227,12
DA:228,6
DA:229,7
DA:232,51
DA:233,44
DA:234,69
DA:235,5
DA:238,79
DA:239,72
DA:240,72
DA:241,76
DA:242,226
DA:244,67
DA:245,110
DA:246,7
DA:248,79
DA:249,72
DA:250,72
DA:251,76
DA:252,208
DA:253,59
DA:254,142
DA:255,7
DA:257,0
DA:258,0
DA:259,76
DA:261,0
DA:262,0
DA:263,0
DA:264,0
DA:265,0
DA:266,0
DA:267,0
DA:268,0
DA:269,0
DA:270,0
DA:271,0
DA:272,0
DA:273,0
DA:274,0
DA:275,0
DA:276,0
DA:277,0
DA:278,0
DA:279,80
DA:281,53
DA:282,29
DA:283,15
DA:284,5
DA:285,65
DA:286,26
DA:287,5
DA:288,29
DA:291,58
DA:292,72
DA:293,95
DA:294,64
DA:295,85
DA:296,26
DA:297,9
DA:298,74
DA:299,5
DA:300,52
DA:301,31
DA:302,36
DA:303,4
DA:306,51
DA:307,40
DA:308,76
DA:309,87
DA:310,62
DA:311,4
DA:314,51
DA:315,40
DA:316,76
DA:317,87
DA:318,60
DA:319,4
DA:322,42
DA:323,68
DA:324,9
DA:325,5
DA:327,53
DA:328,34
DA:329,15
DA:330,5
DA:333,66
DA:335,30
DA:337,65
DA:340,86
DA:341,128
DA:342,37
DA:343,5
DA:344,80
DA:345,128
DA:346,37
DA:347,5
DA:350,56
DA:351,95
DA:352,41
DA:353,17
DA:354,9
DA:356,157
DA:359,95
DA:360,43
DA:361,17
DA:362,9
DA:363,177
DA:366,77
DA:367,98
DA:368,92
DA:369,75
DA:372,0
DA:373,0
DA:374,0
DA:375,41
DA:378,61
DA:379,55
DA:380,94
DA:381,49
DA:382,154
DA:383,13
DA:384,29
DA:385,12
DA:388,65
DA:389,64
DA:391,20
DA:394,78
DA:397,65
DA:398,71
DA:402,0
DA:403,0
DA:404,0
DA:405,0
DA:406,0
DA:407,0
DA:408,0
DA:409,0
DA:410,0
DA:411,0
DA:412,0
DA:413,0
DA:414,0
DA:415,0
DA:416,0
DA:417,0
DA:418,0
DA:419,0
DA:420,0
DA:421,0
DA:422,0
DA:423,0
DA:424,0
DA:425,0
DA:426,0
DA:427,0
DA:428,0
DA:429,0
DA:430,0
DA:431,0
DA:432,0
DA:433,0
DA:434,0
DA:435,0
DA:436,0
DA:437,0
DA:438,0
DA:439,0
DA:440,0
DA:441,0
DA:442,0
DA:443,0
DA:444,0
DA:445,0
DA:446,0
DA:447,0
DA:448,0
DA:449,0
DA:450,0
DA:451,0
DA:452,0
DA:453,0
DA:454,0
DA:455,0
DA:456,0
DA:457,0
DA:458,0
DA:459,0
DA:460,0
DA:461,0
DA:462,0
DA:463,0
DA:464,0
DA:465,0
DA:466,0
DA:467,0
DA:468,0
DA:469,0
DA:470,0
DA:471,0
DA:472,0
DA:473,0
DA:474,0
DA:475,0
DA:476,0
DA:477,0
DA:478,0
DA:479,0
DA:480,0
DA:481,0
DA:482,0
DA:483,0
DA:484,0
DA:485,0
DA:486,0
DA:487,0
DA:488,0
DA:489,0
DA:490,0
DA:491,0
DA:492,0
DA:493,0
DA:494,0
DA:495,0
DA:496,0
DA:497,0
DA:498,0
DA:499,0
DA:500,0
DA:501,0
DA:502,0
DA:503,0
DA:504,0
DA:505,0
DA:506,0
DA:507,0
DA:508,0
DA:509,0
DA:510,0
DA:511,0
DA:512,0
DA:513,0
DA:514,0
DA:515,0
DA:516,0
DA:517,0
DA:518,0
DA:519,0
DA:520,0
DA:521,11
DA:524,67
DA:525,68
DA:526,32
DA:527,71
DA:528,42
DA:529,88
DA:530,88
DA:531,69
DA:532,152
DA:533,68
DA:534,9
DA:535,12
DA:539,45
DA:540,83
DA:541,42
DA:542,47
DA:543,13
DA:544,13
DA:545,64
DA:546,11
DA:549,0
DA:550,40
DA:553,53
DA:554,69
DA:555,42
DA:556,44
DA:557,13
DA:558,13
DA:559,50
DA:560,12
DA:563,59
DA:564,75
DA:565,42
DA:566,47
DA:567,13
DA:568,13
DA:569,56
DA:570,45
DA:571,26
DA:572,42
DA:573,16
DA:574,34
DA:576,39
DA:577,35
DA:578,35
DA:579,5
DA:580,9
DA:582,4
DA:584,71
DA:585,72
DA:586,80
DA:587,70
DA:590,59
DA:591,52
DA:594,70
DA:595,73
DA:597,47
DA:598,90
DA:601,45
DA:602,49
DA:603,15
DA:604,5
DA:606,87
DA:609,40
DA:610,14
DA:611,38
DA:612,122
DA:613,99
DA:617,35
DA:618,76
DA:619,40
DA:620,42
DA:621,58
DA:623,33
DA:624,62
DA:625,89
DA:626,34
DA:627,26
DA:628,117
DA:629,18
DA:630,85
DA:633,71
DA:635,30
DA:636,13
DA:638,65
DA:639,97
DA:640,79
DA:641,38
DA:642,18
DA:643,16
DA:644,13
DA:646,17
DA:647,5
DA:648,23
DA:649,3
DA:651,32
DA:654,80
DA:655,70
DA:656,75
DA:657,83
DA:659,134
DA:660,66
DA:661,9
DA:662,15
DA:663,5
DA:665,97
DA:666,60
DA:667,15
DA:668,5
DA:670,51
DA:671,72
DA:672,23
DA:673,85
DA:677,86
DA:678,69
DA:679,66
DA:680,88
DA:681,5
DA:684,84
DA:685,64
DA:686,72
DA:687,56
DA:689,37
DA:690,83
DA:691,207
DA:692,103
DA:693,60
DA:694,35
DA:695,91
DA:697,9
DA:698,5
DA:699,5
DA:701,71
DA:702,57
DA:703,171
DA:704,24
DA:705,13
DA:706,21
DA:707,9
DA:709,73
DA:710,114
DA:711,5
DA:712,5
DA:715,65
DA:716,29
DA:717,123
DA:718,57
DA:721,44
DA:722,40
DA:723,80
DA:724,54
DA:726,91
DA:727,111
DA:728,68
DA:729,5
DA:730,23
DA:731,36
DA:732,80
DA:733,84
DA:735,78
DA:736,80
DA:737,20
DA:738,9
DA:741,38
DA:742,85
DA:743,68
DA:744,9
DA:745,95
DA:746,52
DA:747,10
DA:750,114
DA:751,69
DA:752,74
DA:753,5
DA:755,34
DA:757,57
DA:758,72
DA:760,57
DA:761,26
DA:762,9
DA:764,71
DA:765,109
DA:766,66
DA:767,13
DA:768,21
DA:769,9
DA:771,75
DA:772,88
DA:773,128
DA:775,79
DA:776,131
DA:777,88
DA:778,17
DA:779,23
DA:780,13
DA:782,93
DA:783,118
DA:784,142
DA:785,96
DA:787,30
DA:788,211
DA:789,20
DA:791,23
DA:792,13
DA:794,162
DA:795,50
DA:796,21
DA:797,9
DA:799,42
DA:800,5
DA:802,23
DA:805,93
DA:806,33
DA:807,126
DA:808,120
DA:809,23
DA:810,185
DA:812,58
DA:813,68
DA:814,56
DA:815,31
DA:816,9
DA:817,5
DA:819,52
DA:820,54
DA:822,76
DA:823,63
DA:824,68
DA:825,62
DA:826,15
DA:827,5
DA:829,105
DA:830,101
DA:831,138
DA:832,21
DA:833,9
DA:834,82
DA:835,5
DA:836,57
DA:840,61
DA:841,60
DA:842,54
DA:843,76
DA:844,54
DA:846,63
DA:847,67
DA:848,104
DA:849,113
DA:850,64
DA:851,75
DA:852,56
DA:853,35
DA:854,57
DA:856,9
DA:857,9
DA:858,62
DA:859,62
DA:860,15
DA:861,5
DA:863,72
DA:864,92
DA:865,82
DA:866,67
DA:867,93
DA:868,70
DA:869,99
DA:870,118
DA:871,23
DA:872,13
DA:873,80
DA:874,9
DA:875,62
DA:876,15
DA:877,5
DA:879,54
DA:880,52
DA:882,53
DA:883,52
DA:884,107
DA:885,66
DA:886,80
DA:887,82
DA:888,9
DA:889,46
DA:890,5
DA:892,105
DA:893,66
DA:895,95
DA:896,68
DA:897,47
DA:898,118
DA:899,23
DA:900,13
DA:902,75
DA:903,154
DA:904,23
DA:905,13
DA:908,89
DA:909,72
DA:910,13
DA:911,21
DA:912,9
DA:914,167
DA:916,147
DA:917,114
DA:918,21
DA:919,9
DA:921,56
DA:922,78
DA:923,82
DA:924,51
DA:925,60
DA:926,88
DA:927,90
DA:928,10
DA:930,111
DA:931,145
DA:932,30
DA:933,13
DA:935,104
DA:936,86
DA:937,80
DA:938,206
DA:939,35
DA:940,29
DA:941,15
DA:942,9
DA:943,9
DA:945,92
DA:947,70
DA:949,63
DA:950,54
DA:951,7
DA:952,13
DA:953,9
DA:955,76
DA:957,82
DA:958,5
DA:960,137
DA:961,78
DA:962,95
DA:963,62
DA:964,14
DA:965,28
DA:967,5
DA:971,58
DA:972,58
DA:975,97
DA:976,68
DA:977,47
DA:982,54
DA:983,5
DA:985,120
DA:986,48
DA:987,87
DA:988,52
DA:989,38
DA:990,52
DA:991,46
DA:992,54
DA:995,38
DA:996,39
DA:997,82
DA:1001,76
DA:1002,41
DA:1003,65
DA:1004,3
DA:1005,5
DA:1006,22
DA:1009,54
DA:1010,132
DA:1012,71
DA:1013,36
DA:1014,78
DA:1015,93
DA:1016,57
DA:1017,21
DA:1020,40
DA:1021,36
DA:1022,9
DA:1023,5
DA:1024,87
DA:1025,132
DA:1026,5
DA:1027,58
DA:1030,39
DA:1031,39
DA:1032,74
DA:1033,56
DA:1034,54
DA:1036,50
DA:1037,42
DA:1038,44
DA:1039,50
DA:1040,58
DA:1041,50
DA:1042,29
DA:1043,5
DA:1045,22
DA:1048,65
DA:1049,36
DA:1050,184
DA:1052,101
DA:1053,50
DA:1054,5
DA:1056,65
DA:1057,78
DA:1058,88
DA:1059,56
DA:1060,23
DA:1061,94
DA:1064,86
DA:1065,32
LF:801
LH:658
end_of_record
TN:
SF:lib/jsx-dev-runtime/index.ts
FNF:1
FNH:1
DA:1,36
DA:9,62
DA:15,6
DA:16,6
DA:17,7
DA:18,5
DA:19,18
DA:20,8
DA:21,6
DA:22,3
DA:23,20
DA:25,29
DA:26,78
DA:27,44
DA:28,2
DA:30,44
LF:16
LH:16
end_of_record
TN:
SF:lib/jsx-runtime/index.ts
FNF:2
FNH:2
DA:1,47
DA:15,26
DA:16,20
DA:18,29
DA:19,32
DA:20,44
DA:21,2
DA:23,44
DA:26,26
DA:27,32
DA:28,44
DA:29,44
DA:32,32
LF:13
LH:13
end_of_record
TN:
SF:lib/money/index.ts
FNF:23
FNH:19
DA:1,108
DA:11,5
DA:13,21
DA:14,43
DA:17,23
DA:19,79
DA:20,106
DA:21,29
DA:24,75
DA:25,126
DA:26,49
DA:27,102
DA:28,9
DA:29,80
DA:30,70
DA:33,100
DA:34,110
DA:35,48
DA:36,44
DA:37,72
DA:38,78
DA:39,22
DA:40,14
DA:42,79
DA:45,0
DA:46,0
DA:47,0
DA:48,0
DA:49,18
DA:52,0
DA:53,0
DA:54,0
DA:55,0
DA:56,18
DA:59,0
DA:60,0
DA:61,0
DA:62,0
DA:63,0
DA:64,0
DA:65,0
DA:66,77
DA:69,0
DA:70,51
DA:73,84
DA:74,84
DA:75,88
DA:77,2
DA:79,42
DA:80,15
DA:82,37
DA:83,84
DA:86,35
DA:87,67
DA:90,75
DA:91,94
DA:92,95
DA:95,23
DA:96,41
DA:99,59
DA:100,94
DA:101,59
DA:104,29
DA:105,99
DA:108,34
DA:109,99
DA:112,44
DA:113,113
DA:116,36
DA:117,51
DA:118,85
DA:119,9
DA:120,106
DA:122,2
DA:124,37
DA:125,14
DA:126,28
DA:127,6
DA:128,102
DA:129,56
DA:130,38
DA:131,52
DA:132,66
DA:133,42
DA:135,62
DA:136,42
DA:137,28
DA:138,5
DA:140,98
DA:143,81
DA:144,74
DA:145,90
DA:146,80
DA:147,88
DA:148,138
DA:150,166
DA:161,79
DA:162,100
DA:163,88
DA:164,78
DA:165,112
DA:166,110
DA:167,52
DA:168,26
DA:169,16
DA:170,10
DA:172,76
DA:174,84
DA:176,26
DA:177,21
DA:178,32
DA:179,64
DA:180,150
DA:181,98
DA:183,82
DA:184,56
DA:185,30
DA:186,20
DA:187,14
DA:189,84
DA:190,23
DA:191,10
DA:193,10
DA:194,6
DA:195,5
LF:125
LH:109
end_of_record
TN:
SF:lib/native-store/index.ts
FNF:12
FNH:9
DA:1,39
DA:2,104
DA:5,64
DA:7,37
DA:9,34
DA:25,23
DA:26,76
DA:28,6
DA:29,47
DA:30,13
DA:31,2
DA:33,58
DA:34,23
DA:35,27
DA:36,53
DA:37,2
DA:39,19
DA:42,17
DA:43,52
DA:44,0
DA:45,0
DA:46,0
DA:47,2
DA:48,77
DA:51,6
DA:52,4
DA:53,17
DA:54,35
DA:55,22
DA:56,3
DA:57,46
DA:58,43
DA:60,31
DA:61,24
DA:63,77
DA:64,28
DA:65,13
DA:66,54
DA:68,2
DA:70,19
DA:71,13
DA:72,20
DA:73,13
DA:74,32
DA:75,58
DA:76,0
DA:77,8
DA:80,13
DA:81,50
DA:82,18
DA:83,6
DA:84,26
DA:86,13
DA:87,13
DA:88,48
DA:89,58
DA:90,0
DA:91,8
DA:94,10
DA:95,13
DA:96,46
DA:97,22
DA:98,26
DA:99,62
DA:100,6
DA:101,8
DA:102,37
DA:103,0
DA:104,0
DA:105,8
DA:108,10
DA:109,13
DA:110,24
DA:111,33
DA:112,0
DA:113,8
DA:116,8
DA:117,12
DA:118,4
DA:120,29
DA:122,53
DA:123,0
DA:124,0
DA:125,0
DA:126,0
DA:127,0
DA:128,0
DA:129,0
DA:130,0
DA:133,0
DA:134,2
DA:136,15
DA:138,31
DA:140,0
DA:141,0
DA:142,0
DA:143,0
DA:144,0
DA:145,3
DA:148,12
LF:100
LH:78
end_of_record
TN:
SF:lib/network/index.ts
FNF:18
FNH:16
DA:1,78
DA:2,146
DA:14,134
DA:15,72
DA:16,76
DA:17,74
DA:20,128
DA:21,96
DA:22,96
DA:23,96
DA:24,96
DA:25,118
DA:59,83
DA:61,0
DA:62,51
DA:63,60
DA:64,58
DA:66,34
DA:67,26
DA:68,20
DA:70,136
DA:71,142
DA:72,136
DA:74,59
DA:76,51
DA:77,84
DA:79,110
DA:80,148
DA:81,130
DA:83,137
DA:84,17
DA:85,9
DA:87,107
DA:88,160
DA:89,162
DA:90,9
DA:92,22
DA:93,92
DA:94,107
DA:95,156
DA:96,12
DA:97,23
DA:102,29
DA:103,50
DA:104,54
DA:105,9
DA:107,238
DA:109,47
DA:110,105
DA:111,9
DA:113,41
DA:116,32
DA:117,103
DA:118,51
DA:119,9
DA:121,84
DA:123,22
DA:124,92
DA:125,32
DA:126,30
DA:127,180
DA:128,162
DA:129,132
DA:130,88
DA:131,10
DA:132,26
DA:133,46
DA:137,30
DA:138,86
DA:140,53
DA:141,43
DA:142,9
DA:144,86
DA:145,24
DA:146,9
DA:148,67
DA:149,43
DA:150,9
DA:152,83
DA:153,8
DA:154,70
DA:155,46
DA:156,60
DA:157,35
DA:158,18
DA:159,55
DA:160,7
DA:161,70
DA:162,26
DA:163,7
DA:164,24
DA:165,5
DA:167,42
DA:168,70
DA:169,26
DA:170,7
DA:171,24
DA:172,5
DA:174,26
DA:177,32
DA:178,97
DA:181,0
DA:182,37
DA:185,41
DA:186,86
DA:187,94
DA:188,81
DA:189,42
DA:190,9
DA:193,38
DA:194,53
DA:195,60
DA:196,73
DA:197,64
DA:198,75
DA:199,60
DA:200,79
DA:202,56
DA:206,48
DA:207,86
DA:208,81
DA:211,49
DA:212,92
DA:215,23
DA:216,65
DA:217,149
DA:218,170
DA:219,172
DA:220,13
DA:222,26
DA:223,96
DA:224,117
DA:225,166
DA:226,16
DA:227,23
DA:230,9
DA:232,68
DA:233,70
DA:234,67
DA:236,2
LF:140
LH:138
end_of_record
TN:
SF:lib/node/index.ts
FNF:2
FNH:2
DA:1,114
DA:2,45
DA:4,33
DA:5,38
DA:6,40
DA:7,32
DA:8,55
DA:10,27
DA:11,27
DA:12,21
DA:13,42
DA:14,39
DA:16,13
DA:17,29
DA:18,41
DA:19,12
DA:20,14
DA:23,127
LF:18
LH:18
end_of_record
TN:
SF:lib/node/utils/icons.ts
FNF:2
FNH:2
DA:1,25
DA:2,51
DA:35,31
DA:36,24
DA:37,21
DA:38,21
DA:39,4
DA:41,27
DA:42,67
DA:43,2
DA:45,31
DA:46,75
DA:47,2
DA:49,48
DA:51,9
DA:52,53
DA:54,29
DA:55,41
DA:56,97
DA:57,6
DA:59,40
DA:60,95
DA:61,4
DA:62,4
DA:64,33
DA:65,46
DA:67,113
DA:74,64
DA:75,2
DA:76,0
DA:77,0
DA:78,0
DA:79,2
DA:83,18
DA:84,18
DA:85,22
DA:88,11
DA:89,16
DA:90,23
DA:91,22
DA:92,21
DA:93,14
DA:94,16
DA:95,21
DA:96,22
DA:97,24
DA:98,21
DA:99,17
DA:100,17
DA:101,17
DA:102,12
DA:103,18
DA:104,20
DA:105,23
DA:106,17
DA:107,19
DA:108,19
DA:109,18
DA:110,15
DA:111,2
DA:112,1
LF:61
LH:58
end_of_record
TN:
SF:lib/node/utils/inline.ts
FNF:6
FNH:6
DA:1,32
DA:3,33
DA:4,36
DA:5,30
DA:7,25
DA:8,39
DA:11,6
DA:12,6
DA:13,13
DA:14,3
DA:15,24
DA:16,38
DA:17,54
DA:18,57
DA:19,54
DA:20,49
DA:21,35
DA:22,24
DA:23,25
DA:24,30
DA:25,35
DA:26,39
DA:27,37
DA:28,25
DA:29,47
DA:30,24
DA:31,32
DA:32,32
DA:33,34
DA:34,35
DA:35,42
DA:36,10
DA:37,34
DA:38,34
DA:39,42
DA:40,24
DA:41,26
DA:42,22
DA:43,23
DA:44,35
DA:45,41
DA:46,28
DA:47,23
DA:48,10
DA:50,32
DA:51,6
DA:53,32
DA:54,28
DA:55,57
DA:56,30
DA:57,21
DA:58,32
DA:59,22
DA:60,25
DA:61,25
DA:62,39
DA:63,19
DA:64,23
DA:65,24
DA:66,24
DA:67,20
DA:68,13
DA:69,27
DA:70,8
DA:72,57
DA:73,37
DA:74,0
DA:75,6
DA:77,29
DA:78,46
DA:79,75
DA:80,24
DA:81,56
DA:82,12
DA:83,23
DA:84,37
DA:85,12
DA:86,21
DA:87,31
DA:88,12
DA:89,24
DA:90,28
DA:91,11
DA:93,34
DA:94,0
DA:95,8
DA:97,81
DA:98,102
DA:99,47
DA:100,15
DA:101,96
DA:102,102
DA:103,61
DA:105,0
DA:106,0
DA:107,0
DA:108,0
DA:109,0
DA:110,0
DA:111,0
DA:112,0
DA:113,0
DA:114,0
DA:115,0
DA:116,0
DA:117,0
DA:119,0
DA:120,0
DA:121,0
DA:123,0
DA:124,0
DA:125,0
DA:127,1
DA:130,14
DA:131,14
DA:132,5
DA:133,13
DA:134,3
DA:135,47
DA:137,40
DA:138,14
DA:139,16
DA:140,21
DA:141,1
DA:142,4
DA:144,32
DA:146,41
DA:147,19
DA:148,20
DA:149,20
DA:150,96
DA:151,12
DA:152,22
DA:153,21
DA:154,5
DA:156,41
DA:157,21
DA:158,14
DA:159,12
DA:160,32
DA:161,8
DA:162,12
DA:163,28
DA:164,5
DA:165,9
DA:166,24
DA:167,27
DA:169,23
LF:148
LH:127
end_of_record
TN:
SF:lib/node/utils/server-storage.ts
FNF:12
FNH:7
DA:1,53
DA:3,45
DA:4,20
DA:6,13
DA:7,8
DA:8,42
DA:11,8
DA:12,0
DA:13,0
DA:14,0
DA:15,0
DA:16,0
DA:17,1
DA:20,8
DA:21,29
DA:22,17
DA:23,33
DA:24,41
DA:25,4
DA:26,3
DA:29,11
DA:30,29
DA:31,45
DA:34,0
DA:35,0
DA:36,1
DA:39,11
DA:40,29
DA:41,17
DA:42,39
DA:43,3
DA:46,18
DA:47,29
DA:48,17
DA:49,31
DA:50,10
DA:53,16
DA:54,43
DA:57,0
DA:58,1
DA:61,0
DA:62,0
DA:63,1
DA:65,1
LF:44
LH:34
end_of_record
TN:
SF:lib/node/utils/sw.ts
FNF:1
FNH:1
DA:1,25
DA:2,29
DA:18,29
DA:19,65
DA:20,56
DA:23,69
DA:24,50
DA:26,17
DA:27,36
DA:28,40
DA:29,17
DA:30,17
DA:31,34
DA:32,40
DA:33,53
DA:34,4
DA:36,21
DA:37,33
DA:38,33
DA:39,84
DA:40,81
DA:41,42
DA:42,63
DA:44,20
DA:45,57
DA:46,2
DA:48,42
LF:27
LH:27
end_of_record
TN:
SF:lib/node/utils/tree-adapter.ts
FNF:84
FNH:68
DA:3,78
DA:19,13
DA:20,54
DA:21,83
DA:22,10
DA:23,88
DA:24,101
DA:26,36
DA:27,42
DA:28,54
DA:29,58
DA:30,32
DA:31,45
DA:33,30
DA:34,55
DA:35,66
DA:36,9
DA:39,0
DA:40,37
DA:43,40
DA:44,69
DA:46,2
DA:48,40
DA:50,36
DA:51,30
DA:53,21
DA:54,39
DA:55,68
DA:56,16
DA:57,9
DA:59,51
DA:60,48
DA:61,9
DA:62,62
DA:64,71
DA:65,114
DA:66,47
DA:67,87
DA:68,112
DA:69,68
DA:70,13
DA:71,13
DA:73,151
DA:74,86
DA:75,9
DA:76,9
DA:78,67
DA:81,0
DA:82,43
DA:85,24
DA:86,79
DA:88,32
DA:89,54
DA:91,23
DA:92,0
DA:93,0
DA:94,0
DA:95,28
DA:98,27
DA:99,24
DA:100,53
DA:102,32
DA:103,53
DA:106,36
DA:107,0
DA:108,0
DA:109,41
DA:111,27
DA:112,55
DA:114,33
DA:115,74
DA:117,25
DA:118,52
DA:122,45
DA:123,26
DA:124,57
DA:126,34
DA:127,60
DA:130,29
DA:131,141
DA:134,37
DA:135,55
DA:138,0
DA:139,0
DA:140,0
DA:141,0
DA:142,0
DA:143,0
DA:144,0
DA:145,28
DA:148,23
DA:150,35
DA:151,33
DA:152,118
DA:153,66
DA:154,58
DA:155,117
DA:156,9
DA:157,29
DA:160,50
DA:161,33
DA:162,118
DA:163,58
DA:164,121
DA:165,39
DA:166,102
DA:167,86
DA:168,16
DA:169,42
DA:171,9
DA:172,29
DA:175,50
DA:176,109
DA:177,74
DA:178,120
DA:179,9
DA:180,31
DA:182,37
DA:183,93
DA:184,98
DA:185,74
DA:186,60
DA:187,62
DA:188,9
DA:189,31
DA:192,22
DA:193,129
DA:196,0
DA:197,0
DA:198,0
DA:199,0
DA:200,0
DA:201,0
DA:202,0
DA:203,0
DA:204,0
DA:205,0
DA:206,0
DA:207,0
DA:208,0
DA:209,0
DA:210,0
DA:211,0
DA:212,0
DA:213,0
DA:214,0
DA:215,0
DA:216,0
DA:217,0
DA:218,0
DA:219,0
DA:220,0
DA:221,0
DA:222,0
DA:223,0
DA:224,0
DA:225,0
DA:226,18
DA:229,50
DA:230,40
DA:231,42
DA:232,40
DA:233,12
DA:234,34
DA:235,123
DA:236,101
DA:237,32
DA:238,17
DA:239,9
DA:240,9
DA:241,163
DA:244,36
DA:245,123
DA:246,101
DA:247,77
DA:248,9
DA:249,9
DA:252,39
DA:253,34
DA:254,123
DA:255,101
DA:256,32
DA:257,17
DA:258,9
DA:259,9
DA:260,41
DA:261,70
DA:262,9
DA:265,0
DA:266,0
DA:267,0
DA:268,0
DA:269,0
DA:270,0
DA:271,0
DA:272,0
DA:273,0
DA:274,0
DA:275,0
DA:276,0
DA:277,0
DA:278,0
DA:279,34
DA:338,0
DA:339,0
DA:340,0
DA:341,0
DA:342,0
DA:343,0
DA:344,0
DA:345,5
DA:351,0
DA:352,0
DA:353,0
DA:354,0
DA:355,0
DA:356,0
DA:357,0
DA:358,4
DA:361,2
DA:363,65
DA:364,35
DA:365,24
DA:366,44
DA:367,56
DA:368,69
DA:370,1
DA:372,67
DA:373,30
DA:374,59
DA:375,58
DA:376,173
DA:377,72
DA:378,5
DA:379,5
DA:380,53
DA:381,70
DA:382,23
DA:383,79
DA:387,72
DA:388,49
DA:389,26
DA:390,52
DA:392,28
DA:393,37
DA:395,27
DA:396,24
DA:397,44
DA:398,50
DA:399,54
DA:402,21
DA:403,69
DA:404,41
DA:405,5
DA:406,54
DA:407,70
DA:410,27
DA:411,60
DA:412,73
DA:413,72
DA:414,17
DA:415,9
DA:416,92
DA:419,23
DA:420,133
DA:423,29
DA:424,66
DA:425,51
DA:426,78
DA:427,27
DA:428,81
DA:432,18
DA:433,12
DA:434,20
DA:435,20
DA:436,10
DA:437,54
DA:438,32
DA:439,129
DA:440,52
DA:442,77
DA:443,78
DA:444,9
DA:445,86
DA:448,21
DA:449,12
DA:450,20
DA:451,20
DA:452,10
DA:453,54
DA:454,32
DA:455,129
DA:456,52
DA:458,94
DA:461,0
DA:462,40
DA:465,38
DA:466,8
DA:467,10
DA:468,47
DA:469,71
DA:470,52
DA:471,78
DA:472,38
DA:474,0
DA:475,0
DA:476,0
DA:477,21
DA:479,2
DA:480,11
DA:482,21
DA:483,47
DA:486,31
DA:487,55
DA:489,136
DA:490,32
DA:492,107
DA:493,92
DA:494,13
DA:496,17
DA:497,5
DA:499,46
DA:502,25
DA:503,89
DA:506,35
DA:507,89
DA:508,68
DA:509,27
DA:510,102
DA:514,34
DA:515,63
DA:516,37
DA:517,116
DA:518,96
DA:519,83
DA:520,54
DA:521,17
DA:523,85
DA:524,74
DA:525,17
DA:527,94
DA:528,57
DA:529,100
DA:530,35
DA:531,75
DA:533,14
DA:535,11
DA:537,18
DA:538,83
DA:541,28
DA:542,82
DA:543,31
DA:544,27
DA:545,99
DA:549,35
DA:550,68
DA:551,0
DA:552,0
DA:553,0
DA:554,0
DA:555,0
DA:556,0
DA:557,0
DA:558,0
DA:559,0
DA:560,0
DA:561,0
DA:562,32
DA:565,25
DA:566,34
DA:567,123
DA:569,82
DA:570,9
DA:571,31
DA:574,33
DA:575,52
DA:576,70
DA:577,86
DA:578,53
DA:579,39
DA:580,30
DA:581,5
DA:582,27
DA:583,71
DA:587,25
DA:588,50
DA:590,2
DA:592,95
DA:593,27
DA:594,24
DA:595,46
DA:596,81
DA:598,2
DA:600,79
DA:601,27
DA:602,24
DA:603,44
DA:604,64
DA:605,87
DA:608,13
DA:610,38
DA:611,61
DA:614,37
DA:615,64
DA:616,84
DA:617,35
DA:620,47
DA:621,90
DA:622,50
DA:623,35
DA:626,38
DA:627,48
DA:629,2
DA:631,48
DA:632,30
DA:633,28
DA:634,28
DA:635,32
DA:636,26
DA:637,4
DA:639,63
DA:641,36
DA:642,67
DA:643,39
DA:644,5
DA:646,85
DA:647,23
DA:648,5
DA:650,194
DA:653,52
DA:654,18
DA:655,18
DA:656,14
DA:657,16
DA:658,20
DA:659,14
DA:660,16
DA:661,20
DA:662,18
DA:663,18
DA:664,20
DA:665,22
DA:666,20
DA:667,16
DA:668,22
DA:669,4
DA:671,80
DA:673,81
DA:674,57
DA:675,125
DA:676,5
DA:678,57
DA:679,88
DA:680,50
DA:682,121
DA:683,74
DA:684,146
DA:685,9
DA:687,97
DA:688,34
DA:689,115
DA:690,129
DA:691,162
DA:692,47
DA:693,46
DA:694,17
DA:695,13
DA:696,13
DA:697,58
DA:698,27
DA:699,41
DA:702,23
DA:703,3
DA:705,13
DA:708,90
DA:709,36
DA:710,71
DA:711,34
DA:712,5
DA:714,36
DA:715,37
DA:716,58
DA:717,40
DA:718,76
DA:719,79
DA:720,27
DA:721,100
DA:723,59
DA:724,50
DA:725,131
DA:726,84
DA:727,92
DA:728,17
DA:729,70
DA:730,16
DA:731,31
DA:734,38
DA:735,119
DA:736,144
DA:737,13
DA:739,36
DA:740,29
DA:742,4
DA:743,22
DA:765,72
DA:766,67
DA:768,47
DA:769,79
DA:770,119
DA:771,4
DA:774,47
DA:775,74
DA:776,61
DA:777,4
DA:780,93
DA:781,24
DA:782,42
DA:783,26
DA:784,22
DA:785,60
DA:786,52
DA:787,38
DA:788,34
DA:789,22
DA:790,5
DA:793,49
DA:794,46
DA:796,51
DA:797,64
DA:798,92
DA:799,54
DA:801,71
DA:802,115
DA:803,84
DA:804,100
DA:806,135
DA:807,174
DA:808,34
DA:809,210
DA:810,20
DA:811,17
DA:813,64
DA:815,125
DA:816,160
DA:817,220
DA:818,17
DA:820,133
DA:821,166
DA:822,194
DA:823,13
DA:824,13
DA:826,125
DA:827,76
DA:828,9
DA:829,27
DA:830,180
DA:832,67
DA:833,212
DA:834,18
DA:837,66
DA:838,4
DA:841,41
DA:842,69
DA:843,95
DA:844,5
DA:846,105
DA:847,71
DA:848,77
DA:850,79
DA:851,94
DA:852,5
DA:854,25
DA:857,40
DA:858,70
DA:859,56
DA:860,94
DA:861,24
DA:863,51
DA:864,64
DA:865,100
DA:867,84
DA:869,131
DA:870,140
DA:871,5
DA:872,5
DA:874,25
DA:878,46
DA:879,22
DA:880,88
DA:881,38
DA:882,46
DA:883,40
DA:886,73
DA:888,73
DA:889,90
DA:890,57
DA:891,120
DA:892,100
DA:895,110
DA:896,45
DA:898,90
DA:899,35
DA:900,83
DA:902,13
DA:904,21
DA:905,9
DA:908,46
DA:909,74
DA:910,54
DA:911,38
DA:912,102
DA:913,52
DA:914,42
DA:915,38
DA:916,38
DA:917,12
DA:919,32
DA:920,66
DA:923,182
DA:924,124
DA:926,65
DA:927,109
DA:928,122
DA:929,94
DA:930,43
DA:931,150
DA:932,13
DA:933,9
DA:934,9
DA:936,138
DA:937,79
DA:938,123
DA:939,122
DA:940,94
DA:941,43
DA:942,150
DA:943,13
DA:944,9
DA:945,9
DA:947,124
DA:948,75
DA:949,119
DA:950,76
DA:951,76
DA:952,9
DA:953,9
DA:956,69
DA:957,92
DA:958,114
DA:959,142
DA:962,106
DA:963,41
DA:965,76
DA:966,23
DA:967,9
DA:968,9
DA:970,69
DA:971,48
DA:972,27
DA:973,92
DA:974,61
DA:976,5
DA:978,59
DA:979,74
DA:980,68
DA:981,82
DA:983,102
DA:984,37
DA:985,70
DA:986,27
DA:987,55
DA:989,5
DA:991,52
DA:992,68
DA:993,32
DA:994,48
DA:995,46
DA:996,62
DA:997,38
DA:998,40
DA:999,34
DA:1000,8
DA:1002,64
DA:1004,70
DA:1014,49
DA:1018,88
DA:1020,64
DA:1023,38
DA:1024,63
DA:1025,64
DA:1026,26
DA:1027,5
DA:1029,88
DA:1031,81
DA:1032,33
DA:1033,5
DA:1035,62
DA:1038,57
DA:1039,68
DA:1040,215
DA:1041,54
DA:1044,74
DA:1046,88
DA:1047,98
DA:1048,63
LF:705
LH:618
end_of_record
TN:
SF:lib/offline/index.ts
FNF:28
FNH:25
DA:1,102
DA:2,148
DA:3,89
DA:46,29
DA:47,113
DA:50,44
DA:51,46
DA:52,15
DA:53,5
DA:55,121
DA:56,43
DA:57,3
DA:59,25
DA:62,83
DA:63,106
DA:64,80
DA:65,78
DA:67,63
DA:68,83
DA:69,3
DA:71,60
DA:74,40
DA:75,71
DA:99,1
DA:101,41
DA:102,50
DA:103,65
DA:104,9
DA:106,72
DA:107,94
DA:108,114
DA:109,84
DA:110,72
DA:112,170
DA:113,142
DA:115,106
DA:116,102
DA:118,42
DA:119,72
DA:120,68
DA:121,42
DA:122,112
DA:123,102
DA:124,12
DA:126,137
DA:127,43
DA:128,12
DA:131,49
DA:132,100
DA:133,22
DA:134,9
DA:136,61
DA:137,104
DA:138,102
DA:139,30
DA:140,9
DA:141,9
DA:144,24
DA:145,92
DA:146,88
DA:147,116
DA:148,112
DA:150,94
DA:151,90
DA:154,25
DA:155,134
DA:158,41
DA:159,22
DA:160,74
DA:161,46
DA:162,42
DA:163,58
DA:164,100
DA:166,155
DA:167,89
DA:168,13
DA:170,152
DA:171,50
DA:172,97
DA:176,0
DA:177,37
DA:180,23
DA:181,123
DA:184,22
DA:185,121
DA:188,41
DA:189,58
DA:190,32
DA:191,54
DA:192,56
DA:193,28
DA:194,14
DA:196,40
DA:197,105
DA:200,20
DA:201,94
DA:202,11
DA:203,9
DA:205,105
DA:206,17
DA:207,9
DA:209,62
DA:210,100
DA:212,22
DA:213,123
DA:214,86
DA:215,108
DA:217,51
DA:218,64
DA:219,78
DA:220,92
DA:221,52
DA:222,110
DA:223,25
DA:224,17
DA:226,59
DA:227,64
DA:228,78
DA:229,124
DA:230,52
DA:231,178
DA:232,25
DA:233,17
DA:235,120
DA:236,48
DA:237,17
DA:238,28
DA:239,14
DA:240,68
DA:241,44
DA:242,110
DA:246,28
DA:247,152
DA:248,42
DA:249,11
DA:250,9
DA:252,110
DA:253,52
DA:254,68
DA:255,40
DA:256,100
DA:259,24
DA:260,77
DA:261,90
DA:262,49
DA:263,30
DA:264,13
DA:266,56
DA:267,68
DA:268,9
DA:270,40
DA:271,100
DA:274,29
DA:275,96
DA:276,40
DA:277,100
DA:280,0
DA:281,0
DA:282,0
DA:283,0
DA:284,0
DA:285,45
DA:288,0
DA:289,0
DA:290,0
DA:291,0
DA:292,46
DA:295,23
DA:296,54
DA:297,48
DA:298,54
DA:300,70
DA:301,88
DA:302,83
DA:304,2
LF:175
LH:165
end_of_record
TN:
SF:lib/pulses/index.ts
FNF:44
FNH:41
DA:3,66
DA:4,78
DA:21,22
DA:29,40
DA:30,37
DA:31,70
DA:32,6
DA:33,2
DA:35,24
DA:36,46
DA:37,19
DA:38,45
DA:39,23
DA:40,5
DA:41,4
DA:42,32
DA:43,2
DA:45,20
DA:46,33
DA:47,33
DA:48,29
DA:49,23
DA:50,0
DA:51,0
DA:52,9
DA:54,34
DA:55,33
DA:56,1
DA:59,1
DA:60,14
DA:61,8
DA:62,19
DA:67,3
DA:68,44
DA:69,38
DA:71,45
DA:72,52
DA:73,24
DA:74,28
DA:75,47
DA:76,4
DA:77,21
DA:80,25
DA:81,30
DA:82,45
DA:83,52
DA:84,4
DA:85,27
DA:86,50
DA:87,4
DA:88,41
DA:89,2
DA:91,20
DA:92,72
DA:94,8
DA:95,21
DA:96,63
DA:97,4
DA:100,26
DA:101,25
DA:103,46
DA:104,28
DA:105,26
DA:106,25
DA:107,6
DA:109,55
DA:110,64
DA:111,27
DA:112,50
DA:113,6
DA:115,66
DA:117,23
DA:119,35
DA:120,18
DA:121,38
DA:122,16
DA:124,0
DA:125,0
DA:126,0
DA:127,2
DA:129,4
DA:131,16
DA:132,34
DA:133,73
DA:134,4
DA:135,36
DA:136,23
DA:137,0
DA:138,4
DA:139,4
DA:142,29
DA:143,36
DA:145,20
DA:146,37
DA:147,56
DA:148,26
DA:149,6
DA:150,6
DA:151,74
DA:152,6
DA:154,41
DA:155,6
DA:156,4
DA:158,27
DA:159,34
DA:160,4
DA:161,41
DA:162,65
DA:163,33
DA:164,62
DA:165,6
DA:168,31
DA:169,21
DA:172,41
DA:173,26
DA:174,23
DA:175,4
DA:178,77
DA:179,6
DA:180,4
DA:182,33
DA:184,34
DA:185,80
DA:186,28
DA:187,4
DA:188,4
DA:190,36
DA:191,23
DA:192,0
DA:193,4
DA:194,4
DA:196,24
DA:197,33
DA:200,8
DA:201,33
DA:202,49
DA:203,4
DA:204,20
DA:207,11
DA:208,23
DA:209,23
DA:211,36
DA:213,44
DA:215,31
DA:216,28
DA:217,37
DA:218,13
DA:221,25
DA:223,0
DA:224,0
DA:225,0
DA:226,0
DA:227,0
DA:228,0
DA:229,0
DA:230,0
DA:231,0
DA:232,0
DA:233,7
DA:236,13
DA:237,29
DA:238,26
DA:239,49
DA:240,8
DA:241,73
DA:242,46
DA:243,19
DA:244,36
DA:245,28
DA:246,40
DA:247,20
DA:248,2
DA:249,18
DA:250,17
DA:251,26
DA:252,38
DA:253,18
DA:255,0
DA:256,2
DA:261,24
DA:263,23
DA:264,40
DA:265,28
DA:266,60
DA:267,5
DA:270,48
DA:271,29
DA:272,30
DA:273,17
DA:274,6
DA:275,27
DA:276,38
DA:277,35
DA:278,32
DA:279,10
DA:280,40
DA:282,6
DA:283,28
DA:284,38
DA:285,34
DA:286,76
DA:287,8
DA:289,6
DA:290,31
DA:291,49
DA:292,6
DA:293,39
DA:295,28
DA:296,60
DA:297,41
DA:298,38
DA:299,41
DA:300,8
DA:301,1
DA:302,8
DA:303,37
DA:304,15
DA:307,5
DA:309,19
DA:316,6
DA:317,14
DA:318,8
DA:319,3
DA:320,47
DA:323,6
DA:324,14
DA:325,8
DA:326,3
DA:327,13
DA:328,120
DA:329,4
DA:330,48
DA:333,17
DA:334,36
DA:335,23
DA:337,38
DA:338,76
DA:339,33
DA:342,28
DA:343,13
DA:344,0
DA:345,4
DA:347,37
DA:349,11
DA:350,75
DA:351,22
DA:352,7
DA:353,26
DA:356,50
DA:357,47
DA:358,35
DA:359,4
DA:360,6
DA:362,47
DA:363,50
DA:364,32
DA:365,4
DA:366,6
DA:368,44
DA:371,14
DA:373,17
DA:374,20
DA:375,25
DA:379,23
DA:380,27
DA:381,30
DA:382,44
DA:384,33
DA:385,53
DA:388,23
DA:389,62
DA:390,25
DA:391,48
DA:392,4
DA:393,64
DA:394,15
DA:397,32
DA:398,68
DA:399,45
DA:400,6
DA:401,4
DA:402,26
DA:403,22
DA:406,36
LF:284
LH:265
end_of_record
TN:
SF:lib/query/index.ts
FNF:38
FNH:25
DA:1,147
DA:57,33
DA:58,55
DA:61,57
DA:62,70
DA:63,15
DA:64,5
DA:66,89
DA:67,124
DA:68,17
DA:69,5
DA:70,5
DA:72,25
DA:75,40
DA:76,71
DA:79,43
DA:80,183
DA:83,53
DA:84,123
DA:85,160
DA:86,91
DA:87,59
DA:88,11
DA:89,29
DA:90,17
DA:91,12
DA:92,11
DA:93,10
DA:94,11
DA:96,24
DA:97,22
DA:98,38
DA:99,68
DA:100,97
DA:101,103
DA:102,138
DA:103,5
DA:109,1
DA:111,75
DA:112,48
DA:113,48
DA:114,0
DA:115,0
DA:116,0
DA:117,0
DA:118,0
DA:119,0
DA:120,0
DA:121,0
DA:122,0
DA:123,0
DA:124,0
DA:125,0
DA:126,36
DA:129,21
DA:130,47
DA:133,0
DA:134,24
DA:136,2
DA:138,60
DA:139,18
DA:140,22
DA:141,17
DA:143,13
DA:144,14
DA:145,18
DA:146,14
DA:147,10
DA:148,48
DA:149,56
DA:150,52
DA:153,21
DA:154,67
DA:157,37
DA:158,65
DA:161,0
DA:162,19
DA:164,2
DA:166,54
DA:167,40
DA:168,26
DA:169,38
DA:170,46
DA:171,31
DA:173,51
DA:174,112
DA:175,100
DA:177,77
DA:178,175
DA:179,17
DA:181,44
DA:184,31
DA:185,86
DA:186,20
DA:187,9
DA:190,24
DA:191,63
DA:192,17
DA:193,9
DA:195,145
DA:196,42
DA:197,46
DA:198,50
DA:199,60
DA:200,15
DA:202,92
DA:205,26
DA:206,63
DA:207,17
DA:208,9
DA:210,106
DA:211,73
DA:212,17
DA:213,9
DA:215,79
DA:216,102
DA:217,15
DA:218,13
DA:220,66
DA:221,78
DA:222,15
DA:223,13
DA:225,64
DA:226,64
DA:227,36
DA:228,139
DA:229,41
DA:230,35
DA:231,122
DA:233,46
DA:234,24
DA:235,26
DA:236,28
DA:237,51
DA:238,36
DA:239,44
DA:240,38
DA:241,16
DA:243,70
DA:244,56
DA:245,9
DA:248,37
DA:249,51
DA:250,64
DA:251,9
DA:253,0
DA:254,0
DA:255,0
DA:256,25
DA:257,47
DA:260,37
DA:261,146
DA:262,85
DA:263,51
DA:264,9
DA:266,51
DA:267,45
DA:268,9
DA:270,70
DA:271,62
DA:272,64
DA:273,58
DA:274,36
DA:275,52
DA:276,42
DA:277,68
DA:278,14
DA:280,98
DA:281,43
DA:282,60
DA:283,74
DA:284,68
DA:285,66
DA:286,62
DA:287,82
DA:288,40
DA:289,60
DA:290,46
DA:291,72
DA:292,18
DA:293,44
DA:294,60
DA:295,28
DA:296,4
DA:297,0
DA:298,0
DA:299,0
DA:300,0
DA:301,0
DA:302,0
DA:303,0
DA:304,0
DA:305,0
DA:306,0
DA:307,0
DA:308,0
DA:309,17
DA:310,4
DA:311,41
DA:312,51
DA:313,12
DA:315,56
DA:316,35
DA:319,33
DA:320,54
DA:321,60
DA:322,130
DA:324,69
DA:325,46
DA:326,24
DA:327,26
DA:328,64
DA:329,36
DA:330,44
DA:331,44
DA:332,36
DA:333,50
DA:334,50
DA:335,50
DA:336,44
DA:337,42
DA:338,40
DA:339,14
DA:340,16
DA:341,70
DA:342,56
DA:343,27
DA:344,84
DA:345,74
DA:346,73
DA:349,80
DA:351,46
DA:352,13
DA:353,60
DA:354,0
DA:355,0
DA:356,0
DA:357,0
DA:358,0
DA:359,0
DA:360,8
DA:362,9
DA:365,36
DA:366,42
DA:367,42
DA:368,42
DA:369,42
DA:370,36
DA:371,34
DA:372,32
DA:373,12
DA:375,52
DA:376,13
DA:377,45
DA:378,62
DA:379,54
DA:380,56
DA:381,50
DA:382,40
DA:383,62
DA:384,32
DA:385,60
DA:386,18
DA:388,26
DA:389,106
DA:390,66
DA:391,60
DA:392,58
DA:393,56
DA:394,74
DA:395,70
DA:396,44
DA:397,70
DA:398,36
DA:399,64
DA:400,22
DA:401,35
DA:402,23
DA:403,31
DA:404,30
DA:405,30
DA:406,28
DA:407,32
DA:408,22
DA:409,33
DA:410,18
DA:411,32
DA:412,11
DA:413,28
DA:416,0
DA:417,0
DA:418,0
DA:419,0
DA:420,0
DA:421,23
DA:423,9
DA:426,46
DA:427,97
DA:428,101
DA:429,68
DA:430,44
DA:431,70
DA:432,50
DA:433,76
DA:434,18
DA:435,9
DA:436,9
DA:439,0
DA:440,0
DA:441,0
DA:442,0
DA:443,0
DA:444,0
DA:445,0
DA:446,0
DA:447,0
DA:448,22
DA:451,0
DA:452,0
DA:453,0
DA:454,0
DA:455,0
DA:456,0
DA:457,52
DA:460,0
DA:461,0
DA:462,0
DA:463,0
DA:464,0
DA:465,38
DA:467,2
LF:331
LH:271
end_of_record
TN:
SF:lib/redux-devtools/index.ts
FNF:9
FNH:8
DA:15,6
DA:16,50
DA:17,58
DA:18,42
DA:19,0
DA:20,1
DA:23,30
DA:24,33
DA:25,14
DA:26,0
DA:27,2
DA:29,43
DA:30,52
DA:31,23
DA:33,49
DA:34,58
DA:35,4
DA:37,49
DA:38,68
DA:39,4
DA:41,0
DA:43,4
DA:46,30
DA:47,33
DA:48,14
DA:49,0
DA:50,2
DA:52,44
DA:53,52
DA:54,23
DA:56,18
DA:57,41
DA:58,57
DA:59,4
DA:60,2
DA:63,30
DA:69,33
DA:70,14
DA:71,0
DA:72,2
DA:74,39
DA:75,52
DA:76,35
DA:78,18
DA:80,35
DA:81,20
DA:82,60
DA:85,28
LF:48
LH:43
end_of_record
TN:
SF:lib/request/index.ts
FNF:27
FNH:22
DA:1,39
DA:2,104
DA:3,64
DA:88,17
DA:89,38
DA:90,0
DA:91,2
DA:93,37
DA:94,39
DA:95,30
DA:96,56
DA:97,0
DA:98,0
DA:99,0
DA:100,4
DA:101,32
DA:102,4
DA:103,13
DA:106,0
DA:107,0
DA:108,0
DA:109,0
DA:110,0
DA:111,0
DA:112,0
DA:113,0
DA:114,0
DA:115,0
DA:116,0
DA:117,0
DA:121,18
DA:122,58
DA:123,110
DA:125,49
DA:126,38
DA:127,62
DA:128,4
DA:129,32
DA:130,36
DA:131,0
DA:132,2
DA:134,29
DA:135,17
DA:136,0
DA:138,0
DA:139,0
DA:140,0
DA:142,1
DA:145,25
DA:146,77
DA:147,2
DA:149,58
DA:151,29
DA:152,28
DA:153,35
DA:154,24
DA:155,31
DA:156,63
DA:157,71
DA:159,60
DA:160,50
DA:161,23
DA:162,22
DA:163,15
DA:164,17
DA:165,13
DA:166,4
DA:167,2
DA:169,28
DA:170,0
DA:171,2
DA:173,21
DA:174,12
DA:175,13
DA:176,38
DA:177,36
DA:178,56
DA:179,3
DA:180,4
DA:182,26
DA:183,18
DA:185,8
DA:186,32
DA:187,11
DA:188,4
DA:190,55
DA:191,49
DA:192,11
DA:193,4
DA:195,19
DA:198,40
DA:199,22
DA:200,45
DA:201,29
DA:202,15
DA:203,6
DA:204,50
DA:205,19
DA:206,22
DA:207,4
DA:208,4
DA:209,18
DA:212,41
DA:213,22
DA:214,45
DA:215,30
DA:216,15
DA:217,6
DA:218,51
DA:219,19
DA:220,22
DA:221,4
DA:222,4
DA:223,18
DA:226,38
DA:227,22
DA:228,45
DA:229,27
DA:230,15
DA:231,6
DA:232,48
DA:233,19
DA:234,22
DA:235,4
DA:236,4
DA:237,18
DA:240,16
DA:241,8
DA:242,5
DA:243,6
DA:244,13
DA:245,5
DA:246,53
DA:247,29
DA:248,52
DA:249,4
DA:251,28
DA:252,35
DA:253,18
DA:254,40
DA:255,14
DA:256,11
DA:257,6
DA:259,33
DA:260,30
DA:261,22
DA:262,19
DA:263,6
DA:264,40
DA:265,53
DA:266,4
DA:268,50
DA:269,0
DA:270,4
DA:272,17
DA:273,11
DA:274,35
DA:275,0
DA:276,0
DA:277,0
DA:278,4
DA:281,54
DA:282,13
DA:283,20
DA:284,11
DA:285,25
DA:286,7
DA:288,34
DA:290,61
DA:291,20
DA:292,107
DA:294,31
DA:295,96
DA:296,60
DA:297,88
DA:298,42
DA:299,77
DA:300,0
DA:301,15
DA:302,50
DA:303,38
DA:304,35
DA:305,11
DA:307,4
DA:309,11
DA:310,80
DA:312,26
DA:313,76
DA:317,32
DA:318,30
DA:319,0
DA:320,47
DA:321,17
DA:322,43
DA:323,0
DA:324,8
DA:326,9
DA:328,59
DA:329,25
DA:330,19
DA:331,25
DA:332,18
DA:333,11
DA:335,51
DA:336,41
DA:337,54
DA:338,8
DA:339,21
DA:340,6
DA:342,60
DA:343,15
DA:344,6
DA:346,26
DA:347,39
DA:348,35
DA:349,45
DA:350,15
DA:351,37
DA:352,0
DA:353,6
DA:355,0
DA:356,0
DA:357,0
DA:358,0
DA:359,7
DA:361,63
DA:362,23
DA:363,17
DA:364,10
DA:365,9
DA:367,28
DA:368,21
DA:369,71
DA:370,11
DA:371,0
DA:372,0
DA:373,0
DA:374,0
DA:375,0
DA:376,0
DA:377,0
DA:378,0
DA:379,0
DA:380,4
DA:384,40
DA:385,53
DA:386,22
DA:387,0
DA:388,4
DA:390,67
DA:391,48
DA:393,45
DA:394,42
DA:395,4
DA:397,14
DA:400,30
DA:401,53
DA:402,22
DA:403,0
DA:404,4
DA:406,18
DA:407,34
DA:408,18
DA:411,28
DA:412,53
DA:413,22
DA:414,0
DA:415,0
DA:416,4
DA:418,24
DA:421,40
DA:422,53
DA:423,22
DA:424,0
DA:425,4
DA:427,26
DA:428,14
DA:431,0
DA:432,0
DA:433,0
DA:434,0
DA:435,0
DA:436,0
DA:437,0
DA:438,0
DA:439,0
DA:440,3
DA:443,0
DA:444,0
DA:445,0
DA:446,0
DA:447,0
DA:448,3
DA:451,0
DA:452,0
DA:453,0
DA:454,0
DA:455,0
DA:456,0
DA:457,0
DA:458,0
DA:459,0
DA:460,3
DA:463,14
DA:464,9
DA:465,48
DA:466,37
DA:467,39
DA:468,12
DA:469,3
DA:470,4
DA:472,15
DA:475,58
LF:313
LH:242
end_of_record
TN:
SF:lib/router/index.ts
FNF:55
FNH:49
DA:3,274
DA:18,170
DA:19,133
DA:46,34
DA:47,106
DA:50,0
DA:51,77
DA:54,51
DA:55,106
DA:56,75
DA:57,58
DA:58,5
DA:59,57
DA:62,46
DA:63,158
DA:66,135
DA:73,58
DA:74,26
DA:75,72
DA:76,12
DA:77,5
DA:80,56
DA:81,101
DA:85,50
DA:86,109
DA:87,38
DA:89,71
DA:90,100
DA:91,28
DA:92,193
DA:93,5
DA:95,27
DA:114,49
DA:115,24
DA:116,40
DA:117,32
DA:118,6
DA:121,48
DA:122,74
DA:123,111
DA:125,44
DA:126,109
DA:129,41
DA:130,93
DA:133,40
DA:134,69
DA:135,15
DA:136,5
DA:138,79
DA:139,67
DA:140,82
DA:141,88
DA:142,80
DA:143,17
DA:144,9
DA:146,74
DA:148,92
DA:149,37
DA:150,132
DA:151,6
DA:152,8
DA:154,67
DA:157,43
DA:158,62
DA:159,62
DA:160,74
DA:161,15
DA:162,5
DA:163,54
DA:164,46
DA:165,17
DA:166,3
DA:167,5
DA:168,25
DA:171,81
DA:172,47
DA:173,25
DA:174,5
DA:175,14
DA:176,80
DA:177,114
DA:178,114
DA:190,0
DA:191,105
DA:192,57
DA:194,58
DA:195,135
DA:196,127
DA:197,9
DA:199,151
DA:200,64
DA:202,77
DA:203,96
DA:204,85
DA:206,89
DA:207,82
DA:208,36
DA:209,56
DA:210,40
DA:211,113
DA:212,18
DA:213,13
DA:215,96
DA:216,9
DA:218,84
DA:219,72
DA:224,33
DA:225,126
DA:226,34
DA:227,213
DA:228,64
DA:229,44
DA:231,70
DA:232,86
DA:234,93
DA:235,53
DA:236,24
DA:237,13
DA:239,68
DA:241,48
DA:243,115
DA:244,63
DA:245,60
DA:246,46
DA:247,19
DA:248,17
DA:250,95
DA:251,60
DA:252,86
DA:253,46
DA:254,19
DA:255,17
DA:257,77
DA:258,122
DA:259,13
DA:260,13
DA:262,41
DA:263,93
DA:264,111
DA:265,17
DA:266,29
DA:267,9
DA:268,9
DA:271,172
DA:274,72
DA:275,16
DA:276,9
DA:279,98
DA:281,2
DA:283,122
DA:284,28
DA:285,4
DA:289,44
DA:290,56
DA:291,38
DA:292,26
DA:293,30
DA:294,22
DA:295,24
DA:296,28
DA:297,30
DA:298,36
DA:300,52
DA:301,114
DA:302,62
DA:303,80
DA:304,43
DA:306,57
DA:307,66
DA:310,40
DA:311,175
DA:312,71
DA:313,9
DA:314,71
DA:317,52
DA:318,130
DA:319,96
DA:322,53
DA:323,188
DA:324,76
DA:325,94
DA:328,55
DA:329,76
DA:330,94
DA:333,43
DA:334,114
DA:336,0
DA:337,0
DA:338,64
DA:342,42
DA:343,112
DA:345,0
DA:346,0
DA:347,63
DA:351,33
DA:352,64
DA:353,225
DA:356,133
DA:357,72
DA:358,103
DA:359,100
DA:360,206
DA:361,9
DA:362,27
DA:364,112
DA:365,83
DA:366,13
DA:369,111
DA:370,125
DA:371,13
DA:373,97
DA:376,29
DA:379,35
DA:380,58
DA:381,36
DA:382,145
DA:383,29
DA:384,27
DA:386,170
DA:387,93
DA:388,9
DA:391,92
DA:392,64
DA:393,9
DA:395,106
DA:396,43
DA:397,40
DA:398,96
DA:399,9
DA:401,54
DA:402,29
DA:405,22
DA:406,110
DA:410,5
DA:411,12
DA:412,33
DA:413,10
DA:414,35
DA:415,198
DA:416,112
DA:417,9
DA:419,83
DA:420,188
DA:421,112
DA:422,9
DA:424,162
DA:425,96
DA:426,86
DA:428,140
DA:430,104
DA:432,81
DA:434,100
DA:436,85
DA:437,58
DA:438,178
DA:439,59
DA:440,64
DA:441,19
DA:442,13
DA:443,13
DA:446,85
DA:447,232
DA:448,54
DA:449,140
DA:450,125
DA:451,9
DA:452,9
DA:454,84
DA:456,126
DA:457,54
DA:458,88
DA:459,50
DA:460,24
DA:461,16
DA:462,74
DA:463,44
DA:464,52
DA:465,48
DA:466,50
DA:467,16
DA:468,146
DA:470,53
DA:471,135
DA:472,140
DA:473,69
DA:474,23
DA:475,17
DA:476,17
DA:477,100
DA:478,31
DA:479,111
DA:482,86
DA:484,26
DA:485,70
DA:486,62
DA:487,50
DA:488,58
DA:490,162
DA:492,107
DA:493,51
DA:494,17
DA:496,71
DA:497,21
DA:498,17
DA:500,53
DA:501,76
DA:502,162
DA:503,30
DA:504,24
DA:505,116
DA:506,17
DA:508,163
DA:509,172
DA:510,90
DA:511,58
DA:512,38
DA:513,39
DA:514,139
DA:516,17
DA:518,186
DA:519,60
DA:520,17
DA:522,76
DA:523,61
DA:524,114
DA:525,62
DA:526,98
DA:527,18
DA:528,38
DA:529,67
DA:530,15
DA:531,12
DA:532,91
DA:535,57
DA:536,100
DA:537,146
DA:539,80
DA:540,110
DA:541,84
DA:543,119
DA:544,102
DA:545,17
DA:546,17
DA:548,50
DA:549,46
DA:550,83
DA:551,90
DA:552,98
DA:553,94
DA:554,98
DA:555,17
DA:556,48
DA:557,18
DA:558,115
DA:559,110
DA:560,20
DA:562,10
DA:565,39
DA:566,41
DA:567,205
DA:568,19
DA:569,13
DA:571,91
DA:572,48
DA:573,119
DA:574,13
DA:575,54
DA:579,52
DA:580,44
DA:582,97
DA:584,203
DA:585,63
DA:586,58
DA:587,13
DA:588,112
DA:589,9
DA:591,38
DA:594,82
DA:595,73
DA:598,29
DA:599,28
DA:600,52
DA:601,48
DA:602,40
DA:603,44
DA:604,56
DA:605,154
DA:606,9
DA:609,54
DA:611,131
DA:612,8
DA:613,48
DA:614,48
DA:615,60
DA:616,61
DA:617,18
DA:618,43
DA:619,9
DA:620,9
DA:623,131
DA:624,187
DA:625,43
DA:626,9
DA:627,9
DA:630,131
DA:631,192
DA:632,25
DA:633,9
DA:634,9
DA:637,110
DA:641,14
DA:642,14
DA:643,33
DA:644,10
DA:645,82
DA:646,50
DA:647,130
DA:650,67
DA:651,27
DA:652,9
DA:654,34
DA:655,22
DA:656,93
DA:657,144
DA:659,94
DA:660,24
DA:661,17
DA:664,191
DA:665,62
DA:666,19
DA:667,9
DA:670,35
DA:671,15
DA:672,7
DA:673,12
DA:674,38
DA:676,131
DA:678,67
DA:679,169
DA:680,13
DA:682,61
DA:683,60
DA:684,13
DA:686,60
DA:687,54
DA:688,70
DA:690,137
DA:691,66
DA:692,90
DA:693,17
DA:695,62
DA:696,52
DA:697,62
DA:698,90
DA:699,17
DA:701,80
DA:702,13
DA:704,116
DA:707,43
DA:709,150
DA:710,90
DA:711,50
DA:712,56
DA:713,36
DA:714,18
DA:715,66
DA:717,13
DA:720,170
DA:721,51
DA:722,13
DA:725,57
DA:726,149
DA:727,5
DA:728,5
DA:731,24
DA:734,18
DA:735,26
DA:736,33
DA:737,10
DA:738,82
DA:740,34
DA:742,89
DA:743,26
DA:744,129
DA:745,46
DA:746,114
DA:749,101
DA:750,37
DA:751,13
DA:754,187
DA:755,37
DA:756,13
DA:759,65
DA:760,31
DA:761,9
DA:762,9
DA:764,37
DA:766,2
DA:768,59
DA:769,88
DA:770,30
DA:771,108
DA:772,5
DA:774,49
DA:775,161
DA:776,5
DA:778,74
DA:781,58
DA:782,88
DA:783,30
DA:784,108
DA:785,5
DA:787,49
DA:788,159
DA:789,5
DA:791,72
DA:794,36
DA:795,10
DA:796,34
DA:797,52
DA:798,6
DA:799,88
DA:800,30
DA:802,89
DA:803,9
DA:804,5
DA:805,80
DA:808,91
DA:809,50
DA:810,76
DA:811,48
DA:813,34
DA:814,0
DA:815,0
DA:816,39
DA:818,68
DA:819,24
DA:820,5
DA:823,45
LF:539
LH:531
end_of_record
TN:
SF:lib/suspense/index.ts
FNF:6
FNH:6
DA:1,107
DA:33,39
DA:35,14
DA:36,44
DA:37,17
DA:38,21
DA:39,39
DA:40,2
DA:42,30
DA:43,16
DA:44,15
DA:45,16
DA:46,18
DA:47,18
DA:48,17
DA:49,17
DA:50,6
DA:51,25
DA:52,2
DA:54,13
DA:57,53
DA:58,59
DA:59,57
DA:60,2
DA:62,19
DA:63,36
DA:64,33
DA:65,0
DA:66,4
DA:68,34
DA:69,57
DA:71,45
DA:72,19
DA:73,25
DA:74,0
DA:75,0
DA:76,4
DA:78,30
DA:79,18
DA:80,4
DA:82,26
DA:83,38
DA:85,28
DA:86,32
DA:87,39
DA:88,44
DA:89,72
DA:90,10
DA:92,51
DA:93,8
DA:95,27
DA:96,0
DA:97,8
DA:99,23
DA:100,0
DA:101,8
DA:103,12
DA:104,1
DA:105,8
DA:107,30
DA:109,8
DA:110,30
DA:111,30
DA:112,0
DA:113,8
DA:115,25
DA:116,34
DA:117,27
DA:118,29
DA:120,44
DA:121,29
DA:122,35
DA:123,6
DA:124,2
DA:125,21
DA:126,30
DA:127,0
DA:128,8
DA:130,25
DA:131,43
DA:132,29
DA:134,44
DA:135,29
DA:136,35
DA:137,6
DA:138,6
DA:139,4
DA:141,17
DA:142,3
LF:89
LH:82
end_of_record
TN:
SF:lib/sw/index.ts
FNF:19
FNH:17
DA:1,78
DA:2,93
DA:39,40
DA:40,71
DA:43,54
DA:45,6
DA:46,130
DA:49,38
DA:50,36
DA:51,52
DA:52,90
DA:53,6
DA:54,78
DA:55,9
DA:56,5
DA:58,117
DA:86,23
DA:87,80
DA:88,62
DA:89,52
DA:91,164
DA:92,35
DA:93,11
DA:96,51
DA:97,84
DA:99,90
DA:100,78
DA:101,110
DA:103,110
DA:104,144
DA:105,130
DA:108,21
DA:109,67
DA:112,48
DA:113,82
DA:114,51
DA:117,0
DA:118,46
DA:121,49
DA:122,107
DA:123,44
DA:124,9
DA:127,28
DA:128,140
DA:131,20
DA:132,100
DA:133,16
DA:134,9
DA:136,58
DA:138,22
DA:139,196
DA:140,46
DA:141,18
DA:142,13
DA:144,92
DA:145,114
DA:146,132
DA:147,90
DA:149,116
DA:150,25
DA:151,13
DA:153,119
DA:154,76
DA:155,102
DA:156,44
DA:157,15
DA:158,17
DA:160,119
DA:161,88
DA:162,17
DA:163,21
DA:165,82
DA:166,126
DA:167,87
DA:168,138
DA:169,94
DA:170,152
DA:172,76
DA:173,31
DA:174,21
DA:175,18
DA:176,17
DA:177,16
DA:179,206
DA:180,21
DA:181,40
DA:184,30
DA:187,27
DA:188,58
DA:189,11
DA:190,9
DA:192,129
DA:195,30
DA:196,68
DA:197,11
DA:198,9
DA:200,94
DA:203,27
DA:204,68
DA:205,17
DA:206,9
DA:208,63
DA:209,116
DA:210,110
DA:211,91
DA:212,9
DA:213,9
DA:215,94
DA:217,2
LF:109
LH:108
end_of_record
TN:
SF:lib/tasks/index.ts
FNF:17
FNH:11
DA:34,40
DA:35,71
DA:60,1
DA:62,69
DA:63,56
DA:64,56
DA:65,112
DA:68,21
DA:69,67
DA:72,0
DA:73,32
DA:76,0
DA:77,31
DA:80,4
DA:81,14
DA:82,20
DA:83,10
DA:84,82
DA:85,51
DA:88,0
DA:89,0
DA:90,0
DA:91,0
DA:92,46
DA:95,49
DA:96,107
DA:97,44
DA:98,9
DA:101,33
DA:102,74
DA:103,103
DA:106,35
DA:107,66
DA:108,96
DA:110,159
DA:111,82
DA:112,9
DA:114,108
DA:115,102
DA:117,140
DA:119,22
DA:120,118
DA:122,48
DA:123,88
DA:124,66
DA:125,35
DA:126,9
DA:127,32
DA:128,32
DA:129,13
DA:131,168
DA:132,32
DA:133,13
DA:135,136
DA:136,92
DA:137,72
DA:138,60
DA:139,34
DA:140,42
DA:141,57
DA:142,175
DA:143,132
DA:144,70
DA:145,17
DA:146,64
DA:147,57
DA:148,7
DA:150,65
DA:151,43
DA:152,33
DA:153,30
DA:154,24
DA:158,27
DA:159,121
DA:160,89
DA:161,9
DA:163,81
DA:164,159
DA:165,41
DA:166,9
DA:168,67
DA:171,22
DA:172,74
DA:173,11
DA:174,9
DA:176,59
DA:177,64
DA:178,9
DA:179,80
DA:180,120
DA:183,0
DA:184,0
DA:185,0
DA:186,0
DA:187,0
DA:188,0
DA:189,0
DA:190,0
DA:191,8
DA:193,1
LF:100
LH:86
end_of_record
TN:
SF:lib/translate/index.ts
FNF:12
FNH:10
DA:1,79
DA:2,104
DA:3,50
DA:5,24
DA:6,23
DA:8,22
DA:9,23
DA:10,19
DA:11,22
DA:13,2
DA:15,62
DA:17,16
DA:19,0
DA:20,1
DA:23,0
DA:24,1
DA:27,11
DA:28,45
DA:29,53
DA:30,33
DA:31,18
DA:32,0
DA:33,2
DA:35,27
DA:38,18
DA:39,23
DA:40,0
DA:41,2
DA:43,82
DA:45,26
DA:46,0
DA:47,2
DA:49,35
DA:50,48
DA:51,2
DA:53,45
DA:54,43
DA:55,11
DA:56,34
DA:58,11
DA:61,23
DA:62,42
DA:63,41
DA:65,32
DA:66,8
DA:68,0
DA:69,4
DA:70,11
DA:71,2
DA:73,17
DA:74,18
DA:75,2
DA:77,55
DA:78,25
DA:79,18
DA:80,0
DA:81,0
DA:82,2
DA:85,6
DA:86,20
DA:87,22
DA:88,3
DA:89,37
DA:90,45
DA:91,2
DA:93,46
DA:95,40
DA:96,31
DA:97,28
DA:98,25
DA:99,4
DA:100,2
DA:101,11
DA:104,11
DA:105,20
DA:108,34
DA:109,55
DA:110,49
DA:111,104
DA:112,27
DA:113,3
DA:115,33
LF:82
LH:74
end_of_record
TN:
SF:lib/utils/deep-freeze.ts
FNF:2
FNH:2
DA:1,64
DA:2,90
DA:3,10
DA:4,2
DA:6,16
DA:8,28
DA:9,49
DA:10,51
DA:11,2
DA:12,11
DA:13,39
DA:14,51
DA:15,58
DA:16,4
DA:19,25
DA:20,0
DA:21,0
DA:22,0
DA:23,0
DA:24,4
DA:27,21
DA:29,11
DA:32,63
DA:33,79
DA:34,10
DA:35,2
DA:37,18
DA:38,0
DA:39,2
DA:41,12
DA:43,23
DA:44,27
DA:45,17
DA:46,27
DA:47,51
DA:48,70
DA:49,6
DA:50,12
DA:51,0
DA:52,0
DA:53,0
DA:54,0
DA:55,0
DA:56,0
DA:57,0
DA:58,0
DA:59,0
DA:60,0
DA:61,0
DA:62,0
DA:63,0
DA:64,0
DA:65,0
DA:66,0
DA:67,0
DA:68,0
DA:69,0
DA:70,0
DA:71,0
DA:72,0
DA:73,0
DA:74,0
DA:75,0
DA:76,0
DA:77,0
DA:78,0
DA:79,0
DA:80,0
DA:81,0
DA:82,0
DA:83,0
DA:84,0
DA:85,0
DA:87,0
DA:88,0
DA:89,0
DA:90,0
DA:91,0
DA:93,0
DA:94,0
DA:95,0
DA:96,0
DA:97,5
DA:98,29
DA:99,47
DA:100,27
DA:101,5
DA:102,0
DA:104,0
DA:105,0
DA:106,0
DA:107,0
DA:108,0
DA:110,0
DA:111,0
DA:112,0
DA:113,0
DA:114,0
DA:115,0
DA:116,0
DA:117,0
DA:118,0
DA:119,9
DA:122,7
DA:123,17
DA:124,27
DA:126,40
DA:127,52
DA:128,28
DA:129,74
DA:130,6
DA:131,12
DA:132,2
DA:135,60
DA:136,52
DA:137,40
DA:138,33
DA:139,86
DA:140,4
DA:141,48
DA:142,2
DA:144,12
LF:122
LH:58
end_of_record
TN:
SF:lib/utils/getter-setter.ts
FNF:3
FNH:3
DA:3,34
DA:4,73
DA:5,0
DA:6,2
DA:8,78
DA:10,39
DA:11,27
DA:12,2
DA:14,14
DA:19,27
DA:20,73
DA:21,0
DA:22,2
DA:24,32
DA:25,27
DA:27,10
DA:28,0
DA:29,2
DA:31,19
DA:32,30
DA:33,18
DA:34,0
DA:35,4
DA:36,24
DA:37,2
DA:39,22
LF:26
LH:22
end_of_record
TN:
SF:lib/utils/has-changed.ts
FNF:1
FNH:1
DA:3,24
DA:4,29
DA:5,37
DA:6,0
DA:7,4
DA:9,42
DA:10,11
DA:11,4
DA:13,46
DA:14,45
DA:15,11
DA:16,0
DA:17,0
DA:19,0
DA:20,2
DA:22,51
DA:23,59
DA:24,11
DA:25,4
DA:27,33
DA:28,49
DA:29,11
DA:30,4
DA:31,4
DA:33,30
DA:34,49
DA:35,11
DA:36,4
DA:37,4
DA:39,12
DA:40,2
DA:42,41
LF:32
LH:28
end_of_record
TN:
SF:lib/utils/index.ts
FNF:1
FNH:1
DA:1,32
DA:2,30
DA:3,30
DA:4,28
LF:4
LH:4
end_of_record
TN:
SF:lib/utils/validators.ts
FNF:17
FNH:7
DA:1,0
DA:2,0
DA:3,0
DA:4,0
DA:5,0
DA:6,0
DA:7,1
DA:11,22
DA:12,29
DA:13,0
DA:14,2
DA:16,21
DA:17,0
DA:18,2
DA:20,27
DA:21,75
DA:22,2
DA:24,27
DA:25,49
DA:26,2
DA:28,29
DA:31,16
DA:32,29
DA:35,16
DA:36,27
DA:39,16
DA:40,27
DA:43,16
DA:44,49
DA:47,0
DA:48,1
DA:51,16
DA:52,27
DA:55,24
DA:56,25
DA:57,30
DA:58,0
DA:59,1
DA:62,0
DA:63,0
DA:64,0
DA:65,0
DA:66,1
DA:69,0
DA:70,0
DA:71,0
DA:72,0
DA:73,1
DA:76,0
DA:77,0
DA:78,0
DA:79,0
DA:80,1
DA:83,0
DA:84,1
DA:87,0
DA:88,1
DA:91,0
DA:92,1
DA:95,0
DA:96,0
DA:97,0
DA:98,0
DA:99,0
DA:100,0
DA:101,0
DA:102,0
DA:103,0
DA:104,0
DA:105,0
DA:106,0
DA:107,1
DA:110,0
LF:73
LH:35
end_of_record
TN:
SF:test/utils/helpers.ts
FNF:2
FNH:2
DA:1,15
DA:2,56
LF:2
LH:2
end_of_record
